#
# There is insufficient memory for the Java Runtime Environment to continue.
# Native memory allocation (mmap) failed to map 65536 bytes. Error detail: Failed to commit metaspace.
# Possible reasons:
#   The system is out of physical RAM or swap space
#   This process is running with CompressedOops enabled, and the Java Heap may be blocking the growth of the native heap
# Possible solutions:
#   Reduce memory load on the system
#   Increase physical memory or swap space
#   Check if swap backing store is full
#   Decrease Java heap size (-Xmx/-Xms)
#   Decrease number of Java threads
#   Decrease Java thread stack sizes (-Xss)
#   Set larger code cache with -XX:ReservedCodeCacheSize=
#   JVM is running with Unscaled Compressed Oops mode in which the Java heap is
#     placed in the first 4GB address space. The Java Heap base address is the
#     maximum limit for the native heap growth. Please use -XX:HeapBaseMinAddress
#     to set the Java Heap base and to place the Java Heap above 4GB virtual address.
# This output file may be truncated or incomplete.
#
#  Out of Memory Error (virtualSpaceNode.cpp:110), pid=2620, tid=18012
#
# JRE version: OpenJDK Runtime Environment Temurin-17.0.13+11 (17.0.13+11) (build 17.0.13+11)
# Java VM: OpenJDK 64-Bit Server VM Temurin-17.0.13+11 (17.0.13+11, mixed mode, tiered, compressed oops, compressed class ptrs, parallel gc, windows-amd64)
# No core dump will be written. Minidumps are not enabled by default on client versions of Windows
#

---------------  S U M M A R Y ------------

Command Line: --add-modules=ALL-SYSTEM --add-opens=java.base/java.util=ALL-UNNAMED --add-opens=java.base/java.lang=ALL-UNNAMED --add-opens=java.base/sun.nio.fs=ALL-UNNAMED -Declipse.application=org.eclipse.jdt.ls.core.id1 -Dosgi.bundles.defaultStartLevel=4 -Declipse.product=org.eclipse.jdt.ls.core.product -Djava.import.generatesMetadataFilesAtProjectRoot=false -DDetectVMInstallationsJob.disabled=true -Dfile.encoding=utf8 -XX:+UseParallelGC -XX:GCTimeRatio=4 -XX:AdaptiveSizePolicyWeight=90 -Dsun.zip.disableMemoryMapping=true -Xmx1G -Xms100m -Xlog:disable -javaagent:c:\Users\lucas\.vscode\extensions\redhat.java-1.37.0-win32-x64\lombok\lombok-1.18.34.jar -XX:+HeapDumpOnOutOfMemoryError -XX:HeapDumpPath=c:\Users\lucas\AppData\Roaming\Code\User\workspaceStorage\0eab71f7b1cc4f279c6fe1f9dbeac1ec\redhat.java -Daether.dependencyCollector.impl=bf c:\Users\lucas\.vscode\extensions\redhat.java-1.37.0-win32-x64\server\plugins\org.eclipse.equinox.launcher_1.6.900.v20240613-2009.jar -configuration c:\Users\lucas\AppData\Roaming\Code\User\globalStorage\redhat.java\1.37.0\config_win -data c:\Users\lucas\AppData\Roaming\Code\User\workspaceStorage\0eab71f7b1cc4f279c6fe1f9dbeac1ec\redhat.java\jdt_ws --pipe=\\.\pipe\lsp-cb0383a9f7a81b8d8e326aaebaa0a521-sock

Host: Intel(R) Core(TM) i3-7020U CPU @ 2.30GHz, 4 cores, 3G,  Windows 10 , 64 bit Build 19041 (10.0.19041.5198)
Time: Mon Dec  2 23:33:45 2024 Hora oficial do Brasil elapsed time: 58.647369 seconds (0d 0h 0m 58s)

---------------  T H R E A D  ---------------

Current thread (0x000001b3b08adf70):  JavaThread "Start Level: Equinox Container: d66499d8-a067-4fd2-af3e-e5b5bea2a7b4" daemon [_thread_in_vm, id=18012, stack(0x000000a3a0600000,0x000000a3a0700000)]

Stack: [0x000000a3a0600000,0x000000a3a0700000]
Native frames: (J=compiled Java code, j=interpreted, Vv=VM code, C=native code)
V  [jvm.dll+0x682a19]
V  [jvm.dll+0x839538]
V  [jvm.dll+0x83afe3]
V  [jvm.dll+0x83b653]
V  [jvm.dll+0x24704f]
V  [jvm.dll+0x83530d]
V  [jvm.dll+0x62762e]
V  [jvm.dll+0x62769a]
V  [jvm.dll+0x629ec3]
V  [jvm.dll+0x627ff6]
V  [jvm.dll+0x23addf]
V  [jvm.dll+0x631ef5]
V  [jvm.dll+0x1e8b31]
V  [jvm.dll+0x1e913a]
V  [jvm.dll+0x1e9b2d]
V  [jvm.dll+0x1df251]
V  [jvm.dll+0x54611b]
V  [jvm.dll+0x1efdda]
V  [jvm.dll+0x7b243b]
V  [jvm.dll+0x7b3859]
V  [jvm.dll+0x7b3bb8]
V  [jvm.dll+0x23eb4b]
V  [jvm.dll+0x3814de]
C  0x000001b3a193afbb

The last pc belongs to new (printed below).
Java frames: (J=compiled Java code, j=interpreted, Vv=VM code)
j  java.io.ObjectInputStream.readNonProxyDesc(Z)Ljava/io/ObjectStreamClass;+20 java.base@17.0.13
j  java.io.ObjectInputStream.readClassDesc(Z)Ljava/io/ObjectStreamClass;+72 java.base@17.0.13
j  java.io.ObjectInputStream.readOrdinaryObject(Z)Ljava/lang/Object;+22 java.base@17.0.13
j  java.io.ObjectInputStream.readObject0(Ljava/lang/Class;Z)Ljava/lang/Object;+494 java.base@17.0.13
j  java.io.ObjectInputStream.readObject(Ljava/lang/Class;)Ljava/lang/Object;+42 java.base@17.0.13
j  java.io.ObjectInputStream.readObject()Ljava/lang/Object;+3 java.base@17.0.13
j  org.eclipse.m2e.core.internal.project.registry.ProjectRegistryReader.readWorkspaceState(Lorg/eclipse/m2e/core/internal/project/registry/ProjectRegistryManager;)Lorg/eclipse/m2e/core/internal/project/registry/ProjectRegistry;+23
j  org.eclipse.m2e.core.internal.project.registry.ProjectRegistryManager.init()V+22
v  ~StubRoutines::call_stub
J 3014  jdk.internal.reflect.NativeMethodAccessorImpl.invoke0(Ljava/lang/reflect/Method;Ljava/lang/Object;[Ljava/lang/Object;)Ljava/lang/Object; java.base@17.0.13 (0 bytes) @ 0x000001b3a1ff6b9f [0x000001b3a1ff6b20+0x000000000000007f]
j  jdk.internal.reflect.NativeMethodAccessorImpl.invoke(Ljava/lang/Object;[Ljava/lang/Object;)Ljava/lang/Object;+133 java.base@17.0.13
J 1254 c1 jdk.internal.reflect.DelegatingMethodAccessorImpl.invoke(Ljava/lang/Object;[Ljava/lang/Object;)Ljava/lang/Object; java.base@17.0.13 (10 bytes) @ 0x000001b39a61fabc [0x000001b39a61f9c0+0x00000000000000fc]
J 1255 c1 java.lang.reflect.Method.invoke(Ljava/lang/Object;[Ljava/lang/Object;)Ljava/lang/Object; java.base@17.0.13 (65 bytes) @ 0x000001b39a620194 [0x000001b39a61fe80+0x0000000000000314]
j  org.apache.felix.scr.impl.inject.methods.BaseMethod.invokeMethod(Ljava/lang/Object;Lorg/apache/felix/scr/impl/inject/BaseParameter;)Lorg/apache/felix/scr/impl/inject/MethodResult;+86
j  org.apache.felix.scr.impl.inject.methods.BaseMethod.access$500(Lorg/apache/felix/scr/impl/inject/methods/BaseMethod;Ljava/lang/Object;Lorg/apache/felix/scr/impl/inject/BaseParameter;)Lorg/apache/felix/scr/impl/inject/MethodResult;+3
j  org.apache.felix.scr.impl.inject.methods.BaseMethod$Resolved.invoke(Lorg/apache/felix/scr/impl/inject/methods/BaseMethod;Ljava/lang/Object;Lorg/apache/felix/scr/impl/inject/BaseParameter;)Lorg/apache/felix/scr/impl/inject/MethodResult;+3
j  org.apache.felix.scr.impl.inject.methods.BaseMethod.invoke(Ljava/lang/Object;Lorg/apache/felix/scr/impl/inject/BaseParameter;Lorg/apache/felix/scr/impl/inject/MethodResult;)Lorg/apache/felix/scr/impl/inject/MethodResult;+7
j  org.apache.felix.scr.impl.inject.methods.ActivateMethod.invoke(Ljava/lang/Object;Lorg/apache/felix/scr/impl/inject/ActivatorParameter;Lorg/apache/felix/scr/impl/inject/MethodResult;)Lorg/apache/felix/scr/impl/inject/MethodResult;+20
j  org.apache.felix.scr.impl.inject.methods.ActivateMethod.invoke(Ljava/lang/Object;Lorg/apache/felix/scr/impl/inject/ScrComponentContext;ILorg/apache/felix/scr/impl/inject/MethodResult;)Lorg/apache/felix/scr/impl/inject/MethodResult;+13
j  org.apache.felix.scr.impl.manager.SingleComponentManager.createImplementationObject(Lorg/osgi/framework/Bundle;Lorg/apache/felix/scr/impl/manager/SingleComponentManager$SetImplementationObject;Lorg/apache/felix/scr/impl/manager/ComponentContextImpl;)Ljava/lang/Object;+581
j  org.apache.felix.scr.impl.manager.SingleComponentManager.createComponent(Lorg/apache/felix/scr/impl/manager/ComponentContextImpl;)Z+35
j  org.apache.felix.scr.impl.manager.SingleComponentManager.getService(Lorg/apache/felix/scr/impl/manager/ComponentContextImpl;)Ljava/lang/Object;+14
j  org.apache.felix.scr.impl.manager.SingleComponentManager.getServiceInternal(Lorg/osgi/framework/ServiceRegistration;)Z+87
j  org.apache.felix.scr.impl.manager.SingleComponentManager.getService(Lorg/osgi/framework/Bundle;Lorg/osgi/framework/ServiceRegistration;)Ljava/lang/Object;+69
j  org.eclipse.osgi.internal.serviceregistry.ServiceFactoryUse$1.run()Ljava/lang/Object;+24
J 2336 c1 java.security.AccessController.doPrivileged(Ljava/security/PrivilegedAction;)Ljava/lang/Object; java.base@17.0.13 (9 bytes) @ 0x000001b39a8514bc [0x000001b39a851360+0x000000000000015c]
j  org.eclipse.osgi.internal.serviceregistry.ServiceFactoryUse.factoryGetService()Ljava/lang/Object;+8
j  org.eclipse.osgi.internal.serviceregistry.ServiceFactoryUse.getService()Ljava/lang/Object;+219
j  org.eclipse.osgi.internal.serviceregistry.ServiceConsumer$2.getService(Lorg/eclipse/osgi/internal/serviceregistry/ServiceUse;)Ljava/lang/Object;+1
j  org.eclipse.osgi.internal.serviceregistry.ServiceRegistrationImpl.getService(Lorg/eclipse/osgi/internal/framework/BundleContextImpl;Lorg/eclipse/osgi/internal/serviceregistry/ServiceConsumer;)Ljava/lang/Object;+432
j  org.eclipse.osgi.internal.serviceregistry.ServiceRegistry.getService(Lorg/eclipse/osgi/internal/framework/BundleContextImpl;Lorg/eclipse/osgi/internal/serviceregistry/ServiceReferenceImpl;)Ljava/lang/Object;+12
j  org.eclipse.osgi.internal.framework.BundleContextImpl.getService(Lorg/osgi/framework/ServiceReference;)Ljava/lang/Object;+35
j  org.apache.felix.scr.impl.manager.SingleRefPair.getServiceObject(Lorg/apache/felix/scr/impl/inject/ScrComponentContext;Lorg/osgi/framework/BundleContext;)Z+5
j  org.apache.felix.scr.impl.inject.field.FieldHandler$ReferenceMethodImpl.getServiceObject(Lorg/apache/felix/scr/impl/inject/BindParameters;Lorg/osgi/framework/BundleContext;)Z+117
j  org.apache.felix.scr.impl.manager.DependencyManager.getServiceObject(Lorg/apache/felix/scr/impl/manager/ComponentContextImpl;Lorg/apache/felix/scr/impl/inject/ReferenceMethod;Lorg/apache/felix/scr/impl/inject/RefPair;)Z+26
j  org.apache.felix.scr.impl.manager.DependencyManager$SingleStaticCustomizer.prebind(Lorg/apache/felix/scr/impl/manager/ComponentContextImpl;)Z+151
j  org.apache.felix.scr.impl.manager.DependencyManager.prebind(Lorg/apache/felix/scr/impl/manager/ComponentContextImpl;)Z+5
j  org.apache.felix.scr.impl.manager.AbstractComponentManager.collectDependencies(Lorg/apache/felix/scr/impl/manager/ComponentContextImpl;)Z+36
j  org.apache.felix.scr.impl.manager.SingleComponentManager.getServiceInternal(Lorg/osgi/framework/ServiceRegistration;)Z+25
j  org.apache.felix.scr.impl.manager.SingleComponentManager.getService(Lorg/osgi/framework/Bundle;Lorg/osgi/framework/ServiceRegistration;)Ljava/lang/Object;+69
j  org.eclipse.osgi.internal.serviceregistry.ServiceFactoryUse$1.run()Ljava/lang/Object;+24
J 2336 c1 java.security.AccessController.doPrivileged(Ljava/security/PrivilegedAction;)Ljava/lang/Object; java.base@17.0.13 (9 bytes) @ 0x000001b39a8514bc [0x000001b39a851360+0x000000000000015c]
j  org.eclipse.osgi.internal.serviceregistry.ServiceFactoryUse.factoryGetService()Ljava/lang/Object;+8
j  org.eclipse.osgi.internal.serviceregistry.ServiceFactoryUse.getService()Ljava/lang/Object;+219
j  org.eclipse.osgi.internal.serviceregistry.ServiceConsumer$2.getService(Lorg/eclipse/osgi/internal/serviceregistry/ServiceUse;)Ljava/lang/Object;+1
j  org.eclipse.osgi.internal.serviceregistry.ServiceRegistrationImpl.getService(Lorg/eclipse/osgi/internal/framework/BundleContextImpl;Lorg/eclipse/osgi/internal/serviceregistry/ServiceConsumer;)Ljava/lang/Object;+432
j  org.eclipse.osgi.internal.serviceregistry.ServiceRegistry.getService(Lorg/eclipse/osgi/internal/framework/BundleContextImpl;Lorg/eclipse/osgi/internal/serviceregistry/ServiceReferenceImpl;)Ljava/lang/Object;+12
j  org.eclipse.osgi.internal.framework.BundleContextImpl.getService(Lorg/osgi/framework/ServiceReference;)Ljava/lang/Object;+35
j  org.apache.felix.scr.impl.manager.SingleRefPair.getServiceObject(Lorg/apache/felix/scr/impl/inject/ScrComponentContext;Lorg/osgi/framework/BundleContext;)Z+5
j  org.apache.felix.scr.impl.inject.methods.BindMethod.getServiceObject(Lorg/apache/felix/scr/impl/inject/BindParameters;Lorg/osgi/framework/BundleContext;)Z+84
j  org.apache.felix.scr.impl.manager.DependencyManager.getServiceObject(Lorg/apache/felix/scr/impl/manager/ComponentContextImpl;Lorg/apache/felix/scr/impl/inject/ReferenceMethod;Lorg/apache/felix/scr/impl/inject/RefPair;)Z+26
j  org.apache.felix.scr.impl.manager.DependencyManager.doInvokeBindMethod(Lorg/apache/felix/scr/impl/manager/ComponentContextImpl;Lorg/apache/felix/scr/impl/inject/ReferenceMethod;Lorg/apache/felix/scr/impl/inject/RefPair;I)Z+4
j  org.apache.felix.scr.impl.manager.DependencyManager.invokeBindMethod(Lorg/apache/felix/scr/impl/manager/ComponentContextImpl;Lorg/apache/felix/scr/impl/inject/RefPair;ILorg/apache/felix/scr/impl/manager/EdgeInfo;)Z+71
j  org.apache.felix.scr.impl.manager.SingleComponentManager.invokeBindMethod(Lorg/apache/felix/scr/impl/manager/DependencyManager;Lorg/apache/felix/scr/impl/inject/RefPair;I)V+26
j  org.apache.felix.scr.impl.manager.DependencyManager$MultipleDynamicCustomizer.addedService(Lorg/osgi/framework/ServiceReference;Lorg/apache/felix/scr/impl/inject/RefPair;IILorg/apache/felix/scr/impl/manager/ExtendedServiceEvent;)V+128
j  org.apache.felix.scr.impl.manager.DependencyManager$MultipleDynamicCustomizer.addedService(Lorg/osgi/framework/ServiceReference;Ljava/lang/Object;IILorg/osgi/framework/ServiceEvent;)V+14
j  org.apache.felix.scr.impl.manager.ServiceTracker$Tracked.customizerAdded(Lorg/osgi/framework/ServiceReference;Lorg/osgi/framework/ServiceEvent;Ljava/lang/Object;II)V+14
j  org.apache.felix.scr.impl.manager.ServiceTracker$Tracked.customizerAdded(Ljava/lang/Object;Ljava/lang/Object;Ljava/lang/Object;II)V+14
j  org.apache.felix.scr.impl.manager.ServiceTracker$AbstractTracked.trackAdding(Ljava/lang/Object;Ljava/lang/Object;)V+207
j  org.apache.felix.scr.impl.manager.ServiceTracker$AbstractTracked.track(Ljava/lang/Object;Ljava/lang/Object;)V+104
j  org.apache.felix.scr.impl.manager.ServiceTracker$Tracked.serviceChanged(Lorg/osgi/framework/ServiceEvent;)V+67
j  org.apache.felix.scr.impl.BundleComponentActivator$ListenerInfo.serviceChanged(Lorg/osgi/framework/ServiceEvent;)V+66
J 2278 c1 org.eclipse.osgi.internal.serviceregistry.FilteredServiceListener.serviceChanged(Lorg/osgi/framework/ServiceEvent;)V (284 bytes) @ 0x000001b39a81cb1c [0x000001b39a81a8e0+0x000000000000223c]
J 2269 c1 org.eclipse.osgi.internal.framework.BundleContextImpl.dispatchEvent(Ljava/lang/Object;Ljava/lang/Object;ILjava/lang/Object;)V (558 bytes) @ 0x000001b39a8131a4 [0x000001b39a8101a0+0x0000000000003004]
J 2427 c1 org.eclipse.osgi.framework.eventmgr.EventManager.dispatchEvent(Ljava/util/Set;Lorg/eclipse/osgi/framework/eventmgr/EventDispatcher;ILjava/lang/Object;)V (69 bytes) @ 0x000001b39a88c6f4 [0x000001b39a88c220+0x00000000000004d4]
j  org.eclipse.osgi.framework.eventmgr.ListenerQueue.dispatchEventSynchronous(ILjava/lang/Object;)V+67
j  org.eclipse.osgi.internal.serviceregistry.ServiceRegistry.publishServiceEventPrivileged(Lorg/osgi/framework/ServiceEvent;)V+320
j  org.eclipse.osgi.internal.serviceregistry.ServiceRegistry.publishServiceEvent(Lorg/osgi/framework/ServiceEvent;)V+8
j  org.eclipse.osgi.internal.serviceregistry.ServiceRegistrationImpl.register(Ljava/util/Dictionary;)V+128
j  org.eclipse.osgi.internal.serviceregistry.ServiceRegistry.registerService(Lorg/eclipse/osgi/internal/framework/BundleContextImpl;[Ljava/lang/String;Ljava/lang/Object;Ljava/util/Dictionary;)Lorg/eclipse/osgi/internal/serviceregistry/ServiceRegistrationImpl;+298
j  org.eclipse.osgi.internal.framework.BundleContextImpl.registerService([Ljava/lang/String;Ljava/lang/Object;Ljava/util/Dictionary;)Lorg/osgi/framework/ServiceRegistration;+15
j  org.apache.felix.scr.impl.manager.AbstractComponentManager$3.register([Ljava/lang/String;)Lorg/osgi/framework/ServiceRegistration;+32
j  org.apache.felix.scr.impl.manager.AbstractComponentManager$3.register([Ljava/lang/String;)Ljava/lang/Object;+2
j  org.apache.felix.scr.impl.manager.RegistrationManager.changeRegistration(Lorg/apache/felix/scr/impl/manager/RegistrationManager$RegState;[Ljava/lang/String;)Z+697
j  org.apache.felix.scr.impl.manager.AbstractComponentManager.registerService()Z+17
j  org.apache.felix.scr.impl.manager.AbstractComponentManager.activateInternal()V+355
j  org.apache.felix.scr.impl.manager.DependencyManager$SingleStaticCustomizer.addedService(Lorg/osgi/framework/ServiceReference;Lorg/apache/felix/scr/impl/inject/RefPair;IILorg/apache/felix/scr/impl/manager/ExtendedServiceEvent;)V+267
j  org.apache.felix.scr.impl.manager.DependencyManager$SingleStaticCustomizer.addedService(Lorg/osgi/framework/ServiceReference;Ljava/lang/Object;IILorg/osgi/framework/ServiceEvent;)V+14
j  org.apache.felix.scr.impl.manager.ServiceTracker$Tracked.customizerAdded(Lorg/osgi/framework/ServiceReference;Lorg/osgi/framework/ServiceEvent;Ljava/lang/Object;II)V+14
j  org.apache.felix.scr.impl.manager.ServiceTracker$Tracked.customizerAdded(Ljava/lang/Object;Ljava/lang/Object;Ljava/lang/Object;II)V+14
j  org.apache.felix.scr.impl.manager.ServiceTracker$AbstractTracked.trackAdding(Ljava/lang/Object;Ljava/lang/Object;)V+207
j  org.apache.felix.scr.impl.manager.ServiceTracker$AbstractTracked.track(Ljava/lang/Object;Ljava/lang/Object;)V+104
j  org.apache.felix.scr.impl.manager.ServiceTracker$Tracked.serviceChanged(Lorg/osgi/framework/ServiceEvent;)V+67
j  org.apache.felix.scr.impl.BundleComponentActivator$ListenerInfo.serviceChanged(Lorg/osgi/framework/ServiceEvent;)V+66
J 2278 c1 org.eclipse.osgi.internal.serviceregistry.FilteredServiceListener.serviceChanged(Lorg/osgi/framework/ServiceEvent;)V (284 bytes) @ 0x000001b39a81cb1c [0x000001b39a81a8e0+0x000000000000223c]
J 2269 c1 org.eclipse.osgi.internal.framework.BundleContextImpl.dispatchEvent(Ljava/lang/Object;Ljava/lang/Object;ILjava/lang/Object;)V (558 bytes) @ 0x000001b39a8131a4 [0x000001b39a8101a0+0x0000000000003004]
J 2427 c1 org.eclipse.osgi.framework.eventmgr.EventManager.dispatchEvent(Ljava/util/Set;Lorg/eclipse/osgi/framework/eventmgr/EventDispatcher;ILjava/lang/Object;)V (69 bytes) @ 0x000001b39a88c6f4 [0x000001b39a88c220+0x00000000000004d4]
j  org.eclipse.osgi.framework.eventmgr.ListenerQueue.dispatchEventSynchronous(ILjava/lang/Object;)V+67
j  org.eclipse.osgi.internal.serviceregistry.ServiceRegistry.publishServiceEventPrivileged(Lorg/osgi/framework/ServiceEvent;)V+320
j  org.eclipse.osgi.internal.serviceregistry.ServiceRegistry.publishServiceEvent(Lorg/osgi/framework/ServiceEvent;)V+8
j  org.eclipse.osgi.internal.serviceregistry.ServiceRegistrationImpl.register(Ljava/util/Dictionary;)V+128
j  org.eclipse.osgi.internal.serviceregistry.ServiceRegistry.registerService(Lorg/eclipse/osgi/internal/framework/BundleContextImpl;[Ljava/lang/String;Ljava/lang/Object;Ljava/util/Dictionary;)Lorg/eclipse/osgi/internal/serviceregistry/ServiceRegistrationImpl;+298
j  org.eclipse.osgi.internal.framework.BundleContextImpl.registerService([Ljava/lang/String;Ljava/lang/Object;Ljava/util/Dictionary;)Lorg/osgi/framework/ServiceRegistration;+15
j  org.apache.felix.scr.impl.manager.AbstractComponentManager$3.register([Ljava/lang/String;)Lorg/osgi/framework/ServiceRegistration;+32
j  org.apache.felix.scr.impl.manager.AbstractComponentManager$3.register([Ljava/lang/String;)Ljava/lang/Object;+2
j  org.apache.felix.scr.impl.manager.RegistrationManager.changeRegistration(Lorg/apache/felix/scr/impl/manager/RegistrationManager$RegState;[Ljava/lang/String;)Z+697
j  org.apache.felix.scr.impl.manager.AbstractComponentManager.registerService()Z+17
j  org.apache.felix.scr.impl.manager.AbstractComponentManager.activateInternal()V+355
j  org.apache.felix.scr.impl.manager.DependencyManager$SingleStaticCustomizer.addedService(Lorg/osgi/framework/ServiceReference;Lorg/apache/felix/scr/impl/inject/RefPair;IILorg/apache/felix/scr/impl/manager/ExtendedServiceEvent;)V+267
j  org.apache.felix.scr.impl.manager.DependencyManager$SingleStaticCustomizer.addedService(Lorg/osgi/framework/ServiceReference;Ljava/lang/Object;IILorg/osgi/framework/ServiceEvent;)V+14
j  org.apache.felix.scr.impl.manager.ServiceTracker$Tracked.customizerAdded(Lorg/osgi/framework/ServiceReference;Lorg/osgi/framework/ServiceEvent;Ljava/lang/Object;II)V+14
j  org.apache.felix.scr.impl.manager.ServiceTracker$Tracked.customizerAdded(Ljava/lang/Object;Ljava/lang/Object;Ljava/lang/Object;II)V+14
j  org.apache.felix.scr.impl.manager.ServiceTracker$AbstractTracked.trackAdding(Ljava/lang/Object;Ljava/lang/Object;)V+207
j  org.apache.felix.scr.impl.manager.ServiceTracker$AbstractTracked.track(Ljava/lang/Object;Ljava/lang/Object;)V+104
j  org.apache.felix.scr.impl.manager.ServiceTracker$Tracked.serviceChanged(Lorg/osgi/framework/ServiceEvent;)V+67
j  org.apache.felix.scr.impl.BundleComponentActivator$ListenerInfo.serviceChanged(Lorg/osgi/framework/ServiceEvent;)V+66
J 2278 c1 org.eclipse.osgi.internal.serviceregistry.FilteredServiceListener.serviceChanged(Lorg/osgi/framework/ServiceEvent;)V (284 bytes) @ 0x000001b39a81cb1c [0x000001b39a81a8e0+0x000000000000223c]
J 2269 c1 org.eclipse.osgi.internal.framework.BundleContextImpl.dispatchEvent(Ljava/lang/Object;Ljava/lang/Object;ILjava/lang/Object;)V (558 bytes) @ 0x000001b39a8131a4 [0x000001b39a8101a0+0x0000000000003004]
J 2427 c1 org.eclipse.osgi.framework.eventmgr.EventManager.dispatchEvent(Ljava/util/Set;Lorg/eclipse/osgi/framework/eventmgr/EventDispatcher;ILjava/lang/Object;)V (69 bytes) @ 0x000001b39a88c6f4 [0x000001b39a88c220+0x00000000000004d4]
j  org.eclipse.osgi.framework.eventmgr.ListenerQueue.dispatchEventSynchronous(ILjava/lang/Object;)V+67
j  org.eclipse.osgi.internal.serviceregistry.ServiceRegistry.publishServiceEventPrivileged(Lorg/osgi/framework/ServiceEvent;)V+320
j  org.eclipse.osgi.internal.serviceregistry.ServiceRegistry.publishServiceEvent(Lorg/osgi/framework/ServiceEvent;)V+8
j  org.eclipse.osgi.internal.serviceregistry.ServiceRegistrationImpl.register(Ljava/util/Dictionary;)V+128
j  org.eclipse.osgi.internal.serviceregistry.ServiceRegistry.registerService(Lorg/eclipse/osgi/internal/framework/BundleContextImpl;[Ljava/lang/String;Ljava/lang/Object;Ljava/util/Dictionary;)Lorg/eclipse/osgi/internal/serviceregistry/ServiceRegistrationImpl;+298
j  org.eclipse.osgi.internal.framework.BundleContextImpl.registerService([Ljava/lang/String;Ljava/lang/Object;Ljava/util/Dictionary;)Lorg/osgi/framework/ServiceRegistration;+15
j  org.apache.felix.scr.impl.manager.AbstractComponentManager$3.register([Ljava/lang/String;)Lorg/osgi/framework/ServiceRegistration;+32
j  org.apache.felix.scr.impl.manager.AbstractComponentManager$3.register([Ljava/lang/String;)Ljava/lang/Object;+2
j  org.apache.felix.scr.impl.manager.RegistrationManager.changeRegistration(Lorg/apache/felix/scr/impl/manager/RegistrationManager$RegState;[Ljava/lang/String;)Z+697
j  org.apache.felix.scr.impl.manager.AbstractComponentManager.registerService()Z+17
j  org.apache.felix.scr.impl.manager.AbstractComponentManager.activateInternal()V+355
j  org.apache.felix.scr.impl.manager.DependencyManager$SingleStaticCustomizer.addedService(Lorg/osgi/framework/ServiceReference;Lorg/apache/felix/scr/impl/inject/RefPair;IILorg/apache/felix/scr/impl/manager/ExtendedServiceEvent;)V+267
j  org.apache.felix.scr.impl.manager.DependencyManager$SingleStaticCustomizer.addedService(Lorg/osgi/framework/ServiceReference;Ljava/lang/Object;IILorg/osgi/framework/ServiceEvent;)V+14
j  org.apache.felix.scr.impl.manager.ServiceTracker$Tracked.customizerAdded(Lorg/osgi/framework/ServiceReference;Lorg/osgi/framework/ServiceEvent;Ljava/lang/Object;II)V+14
j  org.apache.felix.scr.impl.manager.ServiceTracker$Tracked.customizerAdded(Ljava/lang/Object;Ljava/lang/Object;Ljava/lang/Object;II)V+14
j  org.apache.felix.scr.impl.manager.ServiceTracker$AbstractTracked.trackAdding(Ljava/lang/Object;Ljava/lang/Object;)V+207
j  org.apache.felix.scr.impl.manager.ServiceTracker$AbstractTracked.track(Ljava/lang/Object;Ljava/lang/Object;)V+104
j  org.apache.felix.scr.impl.manager.ServiceTracker$Tracked.serviceChanged(Lorg/osgi/framework/ServiceEvent;)V+67
j  org.apache.felix.scr.impl.BundleComponentActivator$ListenerInfo.serviceChanged(Lorg/osgi/framework/ServiceEvent;)V+66
J 2278 c1 org.eclipse.osgi.internal.serviceregistry.FilteredServiceListener.serviceChanged(Lorg/osgi/framework/ServiceEvent;)V (284 bytes) @ 0x000001b39a81cb1c [0x000001b39a81a8e0+0x000000000000223c]
J 2269 c1 org.eclipse.osgi.internal.framework.BundleContextImpl.dispatchEvent(Ljava/lang/Object;Ljava/lang/Object;ILjava/lang/Object;)V (558 bytes) @ 0x000001b39a8131a4 [0x000001b39a8101a0+0x0000000000003004]
J 2427 c1 org.eclipse.osgi.framework.eventmgr.EventManager.dispatchEvent(Ljava/util/Set;Lorg/eclipse/osgi/framework/eventmgr/EventDispatcher;ILjava/lang/Object;)V (69 bytes) @ 0x000001b39a88c6f4 [0x000001b39a88c220+0x00000000000004d4]
j  org.eclipse.osgi.framework.eventmgr.ListenerQueue.dispatchEventSynchronous(ILjava/lang/Object;)V+67
j  org.eclipse.osgi.internal.serviceregistry.ServiceRegistry.publishServiceEventPrivileged(Lorg/osgi/framework/ServiceEvent;)V+320
j  org.eclipse.osgi.internal.serviceregistry.ServiceRegistry.publishServiceEvent(Lorg/osgi/framework/ServiceEvent;)V+8
j  org.eclipse.osgi.internal.serviceregistry.ServiceRegistrationImpl.register(Ljava/util/Dictionary;)V+128
j  org.eclipse.osgi.internal.serviceregistry.ServiceRegistry.registerService(Lorg/eclipse/osgi/internal/framework/BundleContextImpl;[Ljava/lang/String;Ljava/lang/Object;Ljava/util/Dictionary;)Lorg/eclipse/osgi/internal/serviceregistry/ServiceRegistrationImpl;+298
j  org.eclipse.osgi.internal.framework.BundleContextImpl.registerService([Ljava/lang/String;Ljava/lang/Object;Ljava/util/Dictionary;)Lorg/osgi/framework/ServiceRegistration;+15
j  org.eclipse.osgi.internal.framework.BundleContextImpl.registerService(Ljava/lang/String;Ljava/lang/Object;Ljava/util/Dictionary;)Lorg/osgi/framework/ServiceRegistration;+15
j  org.eclipse.osgi.internal.framework.BundleContextImpl.registerService(Ljava/lang/Class;Ljava/lang/Object;Ljava/util/Dictionary;)Lorg/osgi/framework/ServiceRegistration;+7
j  org.eclipse.core.resources.ResourcesPlugin$WorkspaceInitCustomizer.addingService(Lorg/osgi/framework/ServiceReference;)Lorg/eclipse/core/internal/resources/Workspace;+83
j  org.eclipse.core.resources.ResourcesPlugin$WorkspaceInitCustomizer.addingService(Lorg/osgi/framework/ServiceReference;)Ljava/lang/Object;+5
j  org.osgi.util.tracker.ServiceTracker$Tracked.customizerAdding(Lorg/osgi/framework/ServiceReference;Lorg/osgi/framework/ServiceEvent;)Ljava/lang/Object;+8
j  org.osgi.util.tracker.ServiceTracker$Tracked.customizerAdding(Ljava/lang/Object;Ljava/lang/Object;)Ljava/lang/Object;+9
j  org.osgi.util.tracker.AbstractTracked.trackAdding(Ljava/lang/Object;Ljava/lang/Object;)V+8
j  org.osgi.util.tracker.AbstractTracked.trackInitial()V+90
j  org.osgi.util.tracker.ServiceTracker.open(Z)V+198
j  org.osgi.util.tracker.ServiceTracker.open()V+2
j  org.eclipse.core.resources.ResourcesPlugin.start(Lorg/osgi/framework/BundleContext;)V+106
j  org.eclipse.osgi.internal.framework.BundleContextImpl$2.run()Ljava/lang/Void;+23
j  org.eclipse.osgi.internal.framework.BundleContextImpl$2.run()Ljava/lang/Object;+1
J 897 c1 java.security.AccessController.executePrivileged(Ljava/security/PrivilegedExceptionAction;Ljava/security/AccessControlContext;Ljava/lang/Class;)Ljava/lang/Object; java.base@17.0.13 (65 bytes) @ 0x000001b39a562f2c [0x000001b39a562de0+0x000000000000014c]
j  java.security.AccessController.doPrivileged(Ljava/security/PrivilegedExceptionAction;)Ljava/lang/Object;+9 java.base@17.0.13
j  org.eclipse.osgi.internal.framework.BundleContextImpl.startActivator(Lorg/osgi/framework/BundleActivator;)V+9
j  org.eclipse.osgi.internal.framework.BundleContextImpl.start()V+134
j  org.eclipse.osgi.internal.framework.EquinoxBundle.startWorker0()V+35
j  org.eclipse.osgi.internal.framework.EquinoxBundle$EquinoxModule.startWorker()V+4
j  org.eclipse.osgi.container.Module.doStart([Lorg/eclipse/osgi/container/Module$StartOptions;)Lorg/eclipse/osgi/container/ModuleContainerAdaptor$ModuleEvent;+190
j  org.eclipse.osgi.container.Module.start([Lorg/eclipse/osgi/container/Module$StartOptions;)V+460
j  org.eclipse.osgi.framework.util.SecureAction.start(Lorg/eclipse/osgi/container/Module;[Lorg/eclipse/osgi/container/Module$StartOptions;)V+8
J 2388 c1 org.eclipse.osgi.internal.hooks.EclipseLazyStarter.postFindLocalClass(Ljava/lang/String;Ljava/lang/Class;Lorg/eclipse/osgi/internal/loader/classpath/ClasspathManager;)V (394 bytes) @ 0x000001b39a872b1c [0x000001b39a871be0+0x0000000000000f3c]
J 2768 c1 org.eclipse.osgi.internal.loader.classpath.ClasspathManager.findLocalClass(Ljava/lang/String;)Ljava/lang/Class; (210 bytes) @ 0x000001b39a97af2c [0x000001b39a979fa0+0x0000000000000f8c]
J 2385 c1 org.eclipse.osgi.internal.loader.BundleLoader.findLocalClass(Ljava/lang/String;)Ljava/lang/Class; (152 bytes) @ 0x000001b39a86e7d4 [0x000001b39a86dfa0+0x0000000000000834]
J 2351 c1 org.eclipse.osgi.internal.loader.BundleLoader.findClass0(Ljava/lang/String;ZZ)Ljava/lang/Class; (470 bytes) @ 0x000001b39a859f7c [0x000001b39a857920+0x000000000000265c]
J 2350 c1 org.eclipse.osgi.internal.loader.BundleLoader.findClass(Ljava/lang/String;)Ljava/lang/Class; (8 bytes) @ 0x000001b39a85701c [0x000001b39a856fa0+0x000000000000007c]
J 2355 c1 org.eclipse.osgi.internal.loader.ModuleClassLoader.loadClass(Ljava/lang/String;Z)Ljava/lang/Class; (36 bytes) @ 0x000001b39a85dbbc [0x000001b39a85d9a0+0x000000000000021c]
J 793 c1 java.lang.ClassLoader.loadClass(Ljava/lang/String;)Ljava/lang/Class; java.base@17.0.13 (7 bytes) @ 0x000001b39a530cbc [0x000001b39a530bc0+0x00000000000000fc]
v  ~StubRoutines::call_stub
J 2213  java.lang.Class.getDeclaredConstructors0(Z)[Ljava/lang/reflect/Constructor; java.base@17.0.13 (0 bytes) @ 0x000001b3a1fb80db [0x000001b3a1fb80a0+0x000000000000003b]
J 2878 c1 java.lang.Class.privateGetDeclaredConstructors(Z)[Ljava/lang/reflect/Constructor; java.base@17.0.13 (79 bytes) @ 0x000001b39a9a8bec [0x000001b39a9a8980+0x000000000000026c]
j  java.lang.Class.getConstructor0([Ljava/lang/Class;I)Ljava/lang/reflect/Constructor;+14 java.base@17.0.13
j  java.lang.Class.getConstructor([Ljava/lang/Class;)Ljava/lang/reflect/Constructor;+24 java.base@17.0.13
j  org.eclipse.osgi.internal.framework.BundleContextImpl.loadBundleActivator()Lorg/osgi/framework/BundleActivator;+105
j  org.eclipse.osgi.internal.framework.BundleContextImpl.start()V+18
j  org.eclipse.osgi.internal.framework.EquinoxBundle.startWorker0()V+35
j  org.eclipse.osgi.internal.framework.EquinoxBundle$EquinoxModule.startWorker()V+4
j  org.eclipse.osgi.container.Module.doStart([Lorg/eclipse/osgi/container/Module$StartOptions;)Lorg/eclipse/osgi/container/ModuleContainerAdaptor$ModuleEvent;+190
j  org.eclipse.osgi.container.Module.start([Lorg/eclipse/osgi/container/Module$StartOptions;)V+460
j  org.eclipse.osgi.container.ModuleContainer$ContainerStartLevel$2.run()V+71
j  org.eclipse.osgi.internal.framework.EquinoxContainerAdaptor$1$1.execute(Ljava/lang/Runnable;)V+1
j  org.eclipse.osgi.container.ModuleContainer$ContainerStartLevel.incStartLevel(ILjava/util/List;Z)V+193
j  org.eclipse.osgi.container.ModuleContainer$ContainerStartLevel.incStartLevel(ILjava/util/List;Ljava/util/List;Ljava/util/List;Ljava/util/List;)V+19
j  org.eclipse.osgi.container.ModuleContainer$ContainerStartLevel.doContainerStartLevel(Lorg/eclipse/osgi/container/Module;I[Lorg/osgi/framework/FrameworkListener;)V+349
j  org.eclipse.osgi.container.ModuleContainer$ContainerStartLevel.dispatchEvent(Lorg/eclipse/osgi/container/Module;[Lorg/osgi/framework/FrameworkListener;ILjava/lang/Integer;)V+32
j  org.eclipse.osgi.container.ModuleContainer$ContainerStartLevel.dispatchEvent(Ljava/lang/Object;Ljava/lang/Object;ILjava/lang/Object;)V+15
j  org.eclipse.osgi.framework.eventmgr.EventManager.dispatchEvent(Ljava/util/Set;Lorg/eclipse/osgi/framework/eventmgr/EventDispatcher;ILjava/lang/Object;)V+48
j  org.eclipse.osgi.framework.eventmgr.EventManager$EventThread.run()V+26
v  ~StubRoutines::call_stub
new  187 new  [0x000001b3a193ae20, 0x000001b3a193b040]  544 bytes
[MachCode]
  0x000001b3a193ae20: 4883 ec08 | c5fa 1104 | 24eb 1f48 | 83ec 10c5 | fb11 0424 | eb14 4883 | ec10 4889 | 0424 48c7 
  0x000001b3a193ae40: 4424 0800 | 0000 00eb | 0150 410f | b755 010f | cac1 ea10 | 488b 4de8 | 488b 4908 | 488b 4908 
  0x000001b3a193ae60: 488b 4108 | 807c 1004 | 070f 85d6 | 0000 0066 | 8b54 d148 | 488b 4928 | 488b 4cd1 | 0851 80b9 
  0x000001b3a193ae80: 3301 0000 | 040f 85b9 | 0000 008b | 5108 f7c2 | 0100 0000 | 0f85 aa00 | 0000 498b | 8708 0100 
  0x000001b3a193aea0: 0048 8d1c | 1049 3b9f | 1801 0000 | 0f87 9200 | 0000 4989 | 9f08 0100 | 00e9 0000 | 0000 4883 
  0x000001b3a193aec0: ea10 0f84 | 0f00 0000 | 33c9 c1ea | 0348 894c | d008 48ff | ca75 f648 | c700 0100 | 0000 5933 
  0x000001b3a193aee0: f689 700c | 48c1 e903 | 8948 0849 | ba7f c63c | a1fc 7f00 | 0041 803a | 000f 8440 | 0000 0050 
  0x000001b3a193af00: 488b c848 | 83ec 20f7 | c40f 0000 | 000f 841a | 0000 0048 | 83ec 0849 | ba80 86f2 | a0fc 7f00 
  0x000001b3a193af20: 0041 ffd2 | 4883 c408 | e90d 0000 | 0049 ba80 | 86f2 a0fc | 7f00 0041 | ffd2 4883 | c420 58e9 
  0x000001b3a193af40: cd00 0000 | 5948 8b55 | e848 8b52 | 0848 8b52 | 0845 0fb7 | 4501 410f | c841 c1e8 | 10e8 0500 
  0x000001b3a193af60: 0000 e9aa | 0000 0048 | 8d44 2408 | 4c89 6dc0 | 498b cfc5 | f877 4989 | afa8 0200 | 0049 8987 
  0x000001b3a193af80: 9802 0000 | 4883 ec20 | f7c4 0f00 | 0000 0f84 | 1a00 0000 | 4883 ec08 | 49ba 9014 | bca0 fc7f 
  0x000001b3a193afa0: 0000 41ff | d248 83c4 | 08e9 0d00 | 0000 49ba | 9014 bca0 | fc7f 0000 | 41ff d248 | 83c4 2049 
  0x000001b3a193afc0: c787 9802 | 0000 0000 | 0000 49c7 | 87a8 0200 | 0000 0000 | 0049 c787 | a002 0000 | 0000 0000 
  0x000001b3a193afe0: c5f8 7749 | 817f 0800 | 0000 000f | 8405 0000 | 00e9 0a5f | feff 498b | 87f0 0200 | 0049 c787 
  0x000001b3a193b000: f002 0000 | 0000 0000 | 4c8b 6dc0 | 4c8b 75c8 | c341 0fb6 | 5d03 4983 | c503 49ba | 0037 3fa1 
  0x000001b3a193b020: fc7f 0000 | 41ff 24da | 0000 0000 | 0000 0000 | 0000 0000 | 0000 0000 | 0000 0000 | 0000 0000 
[/MachCode]

Compiled method (n/a)   58836 3014     n 0       jdk.internal.reflect.NativeMethodAccessorImpl::invoke0 (native)
 total in heap  [0x000001b3a1ff6990,0x000001b3a1ff6db0] = 1056
 relocation     [0x000001b3a1ff6ae8,0x000001b3a1ff6b18] = 48
 main code      [0x000001b3a1ff6b20,0x000001b3a1ff6db0] = 656

[Constant Pool (empty)]

[MachCode]
[Entry Point]
  # {method} {0x000001b3ac2bfd18} 'invoke0' '(Ljava/lang/reflect/Method;Ljava/lang/Object;[Ljava/lang/Object;)Ljava/lang/Object;' in 'jdk/internal/reflect/NativeMethodAccessorImpl'
  # parm0:    rdx:rdx   = 'java/lang/reflect/Method'
  # parm1:    r8:r8     = 'java/lang/Object'
  # parm2:    r9:r9     = '[Ljava/lang/Object;'
  #           [sp+0x80]  (sp of caller)
  0x000001b3a1ff6b20: 448b 5208 | 49c1 e203 | 493b c20f | 8407 0000 

  0x000001b3a1ff6b30: ;   {runtime_call ic_miss_stub}
  0x000001b3a1ff6b30: 00e9 4aa2 | 97ff 6690 
[Verified Entry Point]
  0x000001b3a1ff6b38: 8984 2400 | 90ff ff55 | 488b ec48 | 83ec 704c | 894c 2438 | 4983 f900 | 488d 4424 | 3848 0f44 
  0x000001b3a1ff6b58: 4424 3848 | 8944 2420 | 4c89 4424 | 3049 83f8 | 004c 8d4c | 2430 4c0f | 444c 2430 | 4889 5424 
  0x000001b3a1ff6b78: 2848 83fa | 004c 8d44 | 2428 4c0f | 4444 2428 

  0x000001b3a1ff6b88: ;   {oop(a 'java/lang/Class'{0x00000000c03f6660} = 'jdk/internal/reflect/NativeMethodAccessorImpl')}
  0x000001b3a1ff6b88: 49be 6066 | 3fc0 0000 | 0000 4c89 | 7424 584c | 8d74 2458 | 498b d6c5 

  0x000001b3a1ff6ba0: ;   {internal_word}
  0x000001b3a1ff6ba0: f877 49ba | 9f6b ffa1 | b301 0000 | 4d89 97a0 | 0200 0049 | 89a7 9802 

  0x000001b3a1ff6bb8: ;   {external_word}
  0x000001b3a1ff6bb8: 0000 49ba | 7ec6 3ca1 | fc7f 0000 | 4180 3a00 | 0f84 5200 | 0000 5241 

  0x000001b3a1ff6bd0: ;   {metadata({method} {0x000001b3ac2bfd18} 'invoke0' '(Ljava/lang/reflect/Method;Ljava/lang/Object;[Ljava/lang/Object;)Ljava/lang/Object;' in 'jdk/internal/reflect/NativeMethodAccessorImpl')}
  0x000001b3a1ff6bd0: 5041 5148 | ba10 fd2b | acb3 0100 | 0049 8bcf | 4883 ec20 | f7c4 0f00 | 0000 0f84 | 1a00 0000 
  0x000001b3a1ff6bf0: 4883 ec08 

  0x000001b3a1ff6bf4: ;   {runtime_call}
  0x000001b3a1ff6bf4: 49ba 6086 | f2a0 fc7f | 0000 41ff | d248 83c4 | 08e9 0d00 

  0x000001b3a1ff6c08: ;   {runtime_call}
  0x000001b3a1ff6c08: 0000 49ba | 6086 f2a0 | fc7f 0000 | 41ff d248 | 83c4 2041 | 5941 585a | 498d 8fb8 | 0200 0041 
  0x000001b3a1ff6c28: c787 4803 | 0000 0400 

  0x000001b3a1ff6c30: ;   {runtime_call}
  0x000001b3a1ff6c30: 0000 49ba | 083e 0cdf | fc7f 0000 | 41ff d2c5 | f877 41c7 | 8748 0300 | 0005 0000 | 00f0 8344 
  0x000001b3a1ff6c50: 24c0 0049 | 3baf 5003 | 0000 0f87 | 1100 0000 | 4181 bf38 | 0300 0000 | 0000 000f | 842c 0000 
  0x000001b3a1ff6c70: 00c5 f877 | 4889 45f8 | 498b cf4c | 8be4 4883 | ec20 4883 

  0x000001b3a1ff6c84: ;   {runtime_call}
  0x000001b3a1ff6c84: e4f0 49ba | b094 02a1 | fc7f 0000 | 41ff d249 | 8be4 4d33 | e448 8b45 | f841 c787 | 4803 0000 
  0x000001b3a1ff6ca4: 0800 0000 | 4181 bfb8 | 0300 0002 | 0000 000f | 84c5 0000 

  0x000001b3a1ff6cb8: ;   {external_word}
  0x000001b3a1ff6cb8: 0049 ba7e | c63c a1fc | 7f00 0041 | 803a 000f | 8450 0000 | 0048 8945 

  0x000001b3a1ff6cd0: ;   {metadata({method} {0x000001b3ac2bfd18} 'invoke0' '(Ljava/lang/reflect/Method;Ljava/lang/Object;[Ljava/lang/Object;)Ljava/lang/Object;' in 'jdk/internal/reflect/NativeMethodAccessorImpl')}
  0x000001b3a1ff6cd0: f848 ba10 | fd2b acb3 | 0100 0049 | 8bcf 4883 | ec20 f7c4 | 0f00 0000 | 0f84 1a00 | 0000 4883 
  0x000001b3a1ff6cf0: ;   {runtime_call}
  0x000001b3a1ff6cf0: ec08 49ba | 6086 f2a0 | fc7f 0000 | 41ff d248 | 83c4 08e9 | 0d00 0000 

  0x000001b3a1ff6d08: ;   {runtime_call}
  0x000001b3a1ff6d08: 49ba 6086 | f2a0 fc7f | 0000 41ff | d248 83c4 | 2048 8b45 | f849 c787 | 9802 0000 | 0000 0000 
  0x000001b3a1ff6d28: 49c7 87a0 | 0200 0000 | 0000 00c5 | f877 4885 | c00f 8419 | 0000 0048 | f7c0 0100 | 0000 0f84 
  0x000001b3a1ff6d48: 0900 0000 | 488b 40ff | e903 0000 | 0048 8b00 | 498b 8fd8 | 0000 00c7 | 8100 0100 | 0000 0000 
  0x000001b3a1ff6d68: 00c9 4981 | 7f08 0000 | 0000 0f85 | 0100 0000 

  0x000001b3a1ff6d78: ;   {runtime_call StubRoutines (1)}
  0x000001b3a1ff6d78: c3e9 82a1 | 92ff c5f8 | 7748 8945 | f84c 8be4 | 4883 ec20 | 4883 e4f0 

  0x000001b3a1ff6d90: ;   {runtime_call}
  0x000001b3a1ff6d90: 49ba 80b7 | f2a0 fc7f | 0000 41ff | d249 8be4 | 4d33 e448 | 8b45 f8e9 | 0dff ffff | f4f4 f4f4 
[/MachCode]


Compiled method (c1)   59072 1254       3       jdk.internal.reflect.DelegatingMethodAccessorImpl::invoke (10 bytes)
 total in heap  [0x000001b39a61f810,0x000001b39a61fc18] = 1032
 relocation     [0x000001b39a61f968,0x000001b39a61f9a8] = 64
 main code      [0x000001b39a61f9c0,0x000001b39a61fb40] = 384
 stub code      [0x000001b39a61fb40,0x000001b39a61fb88] = 72
 metadata       [0x000001b39a61fb88,0x000001b39a61fb90] = 8
 scopes data    [0x000001b39a61fb90,0x000001b39a61fbb0] = 32
 scopes pcs     [0x000001b39a61fbb0,0x000001b39a61fc00] = 80
 dependencies   [0x000001b39a61fc00,0x000001b39a61fc08] = 8
 nul chk table  [0x000001b39a61fc08,0x000001b39a61fc18] = 16

[Constant Pool (empty)]

[MachCode]
[Entry Point]
  # {method} {0x000001b3ac2c0510} 'invoke' '(Ljava/lang/Object;[Ljava/lang/Object;)Ljava/lang/Object;' in 'jdk/internal/reflect/DelegatingMethodAccessorImpl'
  # this:     rdx:rdx   = 'jdk/internal/reflect/DelegatingMethodAccessorImpl'
  # parm0:    r8:r8     = 'java/lang/Object'
  # parm1:    r9:r9     = '[Ljava/lang/Object;'
  #           [sp+0x40]  (sp of caller)
  0x000001b39a61f9c0: 448b 5208 | 49c1 e203 

  0x000001b39a61f9c8: ;   {runtime_call ic_miss_stub}
  0x000001b39a61f9c8: 4c3b d00f | 85af 1335 | 0766 6666 | 0f1f 8400 | 0000 0000 | 6666 6690 
[Verified Entry Point]
  0x000001b39a61f9e0: 8984 2400 | 90ff ff55 | 4883 ec30 

  0x000001b39a61f9ec: ;   {metadata(method data for {method} {0x000001b3ac2c0510} 'invoke' '(Ljava/lang/Object;[Ljava/lang/Object;)Ljava/lang/Object;' in 'jdk/internal/reflect/DelegatingMethodAccessorImpl')}
  0x000001b39a61f9ec: 48be c869 | b3ac b301 | 0000 8bbe | cc00 0000 | 83c7 0289 | becc 0000 | 0081 e7fe | 0700 0083 
  0x000001b39a61fa0c: ff00 0f84 | bb00 0000 | 8b52 0c48 | 3b02 488b 

  0x000001b39a61fa1c: ;   {metadata(method data for {method} {0x000001b3ac2c0510} 'invoke' '(Ljava/lang/Object;[Ljava/lang/Object;)Ljava/lang/Object;' in 'jdk/internal/reflect/DelegatingMethodAccessorImpl')}
  0x000001b39a61fa1c: f248 bfc8 | 69b3 acb3 | 0100 008b | 7608 48c1 | e603 483b | b720 0100 | 0075 0d48 | 8387 2801 
  0x000001b39a61fa3c: 0000 01e9 | 6600 0000 | 483b b730 | 0100 0075 | 0d48 8387 | 3801 0000 | 01e9 5000 | 0000 4881 
  0x000001b39a61fa5c: bf20 0100 | 0000 0000 | 0075 1748 | 89b7 2001 | 0000 48c7 | 8728 0100 | 0001 0000 | 00e9 2c00 
  0x000001b39a61fa7c: 0000 4881 | bf30 0100 | 0000 0000 | 0075 1748 | 89b7 3001 | 0000 48c7 | 8738 0100 | 0001 0000 
  0x000001b39a61fa9c: 00e9 0800 | 0000 4883 | 8710 0100 | 0001 6666 | 9048 b8ff | ffff ffff 

  0x000001b39a61fab4: ;   {virtual_call}
  0x000001b39a61fab4: ffff ffe8 

  0x000001b39a61fab8: ; ImmutableOopMap {}
                      ;*invokevirtual invoke {reexecute=0 rethrow=0 return_oop=0}
                      ; - jdk.internal.reflect.DelegatingMethodAccessorImpl::invoke@6
  0x000001b39a61fab8: c4dd 3f07 | 4883 c430 

  0x000001b39a61fac0: ;   {poll_return}
  0x000001b39a61fac0: 5d49 3ba7 | 5003 0000 | 0f87 2700 

  0x000001b39a61facc: ;   {metadata({method} {0x000001b3ac2c0510} 'invoke' '(Ljava/lang/Object;[Ljava/lang/Object;)Ljava/lang/Object;' in 'jdk/internal/reflect/DelegatingMethodAccessorImpl')}
  0x000001b39a61facc: 0000 c349 | ba08 052c | acb3 0100 | 004c 8954 | 2408 48c7 | 0424 ffff 

  0x000001b39a61fae4: ;   {runtime_call counter_overflow Runtime1 stub}
  0x000001b39a61fae4: ffff e815 

  0x000001b39a61fae8: ; ImmutableOopMap {rdx=Oop r8=Oop r9=Oop }
                      ;*synchronization entry
                      ; - jdk.internal.reflect.DelegatingMethodAccessorImpl::invoke@-1
  0x000001b39a61fae8: ac3f 07e9 | 24ff ffff 

  0x000001b39a61faf0: ;   {runtime_call throw_null_pointer_exception Runtime1 stub}
  0x000001b39a61faf0: e8ab 7b36 

  0x000001b39a61faf4: ; ImmutableOopMap {r8=Oop r9=Oop rdx=Oop }
                      ;*invokevirtual invoke {reexecute=0 rethrow=0 return_oop=0}
                      ; - jdk.internal.reflect.DelegatingMethodAccessorImpl::invoke@6
                      ;   {internal_word}
  0x000001b39a61faf4: 0749 bac1 | fa61 9ab3 | 0100 004d | 8997 6803 

  0x000001b39a61fb04: ;   {runtime_call SafepointBlob}
  0x000001b39a61fb04: 0000 e9f5 | 7b35 0790 | 9049 8b87 | e003 0000 | 49c7 87e0 | 0300 0000 | 0000 0049 | c787 e803 
  0x000001b39a61fb24: 0000 0000 | 0000 4883 

  0x000001b39a61fb2c: ;   {runtime_call unwind_exception Runtime1 stub}
  0x000001b39a61fb2c: c430 5de9 | 4c8a 3607 | f4f4 f4f4 | f4f4 f4f4 | f4f4 f4f4 
[Stub Code]
  0x000001b39a61fb40: ;   {no_reloc}
  0x000001b39a61fb40: 0f1f 4400 

  0x000001b39a61fb44: ;   {static_stub}
  0x000001b39a61fb44: 0048 bb00 | 0000 0000 

  0x000001b39a61fb4c: ;   {runtime_call}
  0x000001b39a61fb4c: 0000 00e9 | fbff ffff 
[Exception Handler]
  0x000001b39a61fb54: ;   {runtime_call handle_exception_from_callee Runtime1 stub}
  0x000001b39a61fb54: e827 5d36 

  0x000001b39a61fb58: ;   {external_word}
  0x000001b39a61fb58: 0748 b9a0 | e916 a1fc | 7f00 0048 

  0x000001b39a61fb64: ;   {runtime_call}
  0x000001b39a61fb64: 83e4 f049 | ba40 71df | a0fc 7f00 | 0041 ffd2 

  0x000001b39a61fb74: ;   {section_word}
  0x000001b39a61fb74: f449 ba75 | fb61 9ab3 | 0100 0041 

  0x000001b39a61fb80: ;   {runtime_call DeoptimizationBlob}
  0x000001b39a61fb80: 52e9 1a6e | 3507 f4f4 
[/MachCode]


---------------  P R O C E S S  ---------------

Threads class SMR info:
_java_thread_list=0x000001b3b1b46350, length=23, elements={
0x000001b397750270, 0x000001b3978069f0, 0x000001b397807c30, 0x000001b39780a080,
0x000001b39780af00, 0x000001b39780bd80, 0x000001b39780e9b0, 0x000001b3ab5c0890,
0x000001b3b07a55b0, 0x000001b3b07a8280, 0x000001b3b08b0e40, 0x000001b3b0b32fc0,
0x000001b3b1108600, 0x000001b3b1074050, 0x000001b3b08ab610, 0x000001b3b08adf70,
0x000001b3b0b59ec0, 0x000001b3b12723e0, 0x000001b3b12719c0, 0x000001b3b1270070,
0x000001b3b1271ed0, 0x000001b3b1273310, 0x000001b3b1270580
}

Java Threads: ( => current thread )
  0x000001b397750270 JavaThread "main" [_thread_blocked, id=19804, stack(0x000000a39f100000,0x000000a39f200000)]
  0x000001b3978069f0 JavaThread "Reference Handler" daemon [_thread_blocked, id=12656, stack(0x000000a39f400000,0x000000a39f500000)]
  0x000001b397807c30 JavaThread "Finalizer" daemon [_thread_blocked, id=11164, stack(0x000000a39f500000,0x000000a39f600000)]
  0x000001b39780a080 JavaThread "Signal Dispatcher" daemon [_thread_blocked, id=15604, stack(0x000000a39f600000,0x000000a39f700000)]
  0x000001b39780af00 JavaThread "Attach Listener" daemon [_thread_blocked, id=10716, stack(0x000000a39f700000,0x000000a39f800000)]
  0x000001b39780bd80 JavaThread "Service Thread" daemon [_thread_blocked, id=21416, stack(0x000000a39f800000,0x000000a39f900000)]
  0x000001b39780e9b0 JavaThread "Monitor Deflation Thread" daemon [_thread_blocked, id=6404, stack(0x000000a39f900000,0x000000a39fa00000)]
  0x000001b3ab5c0890 JavaThread "C2 CompilerThread0" daemon [_thread_blocked, id=12324, stack(0x000000a39fa00000,0x000000a39fb00000)]
  0x000001b3b07a55b0 JavaThread "C1 CompilerThread0" daemon [_thread_blocked, id=8880, stack(0x000000a39fb00000,0x000000a39fc00000)]
  0x000001b3b07a8280 JavaThread "Sweeper thread" daemon [_thread_blocked, id=3808, stack(0x000000a39fc00000,0x000000a39fd00000)]
  0x000001b3b08b0e40 JavaThread "Common-Cleaner" daemon [_thread_blocked, id=20452, stack(0x000000a39fd00000,0x000000a39fe00000)]
  0x000001b3b0b32fc0 JavaThread "Notification Thread" daemon [_thread_blocked, id=10248, stack(0x000000a39fe00000,0x000000a39ff00000)]
  0x000001b3b1108600 JavaThread "Active Thread: Equinox Container: d66499d8-a067-4fd2-af3e-e5b5bea2a7b4" [_thread_blocked, id=13268, stack(0x000000a3a0300000,0x000000a3a0400000)]
  0x000001b3b1074050 JavaThread "Refresh Thread: Equinox Container: d66499d8-a067-4fd2-af3e-e5b5bea2a7b4" daemon [_thread_blocked, id=3940, stack(0x000000a3a0400000,0x000000a3a0500000)]
  0x000001b3b08ab610 JavaThread "Framework Event Dispatcher: Equinox Container: d66499d8-a067-4fd2-af3e-e5b5bea2a7b4" daemon [_thread_blocked, id=9096, stack(0x000000a3a0500000,0x000000a3a0600000)]
=>0x000001b3b08adf70 JavaThread "Start Level: Equinox Container: d66499d8-a067-4fd2-af3e-e5b5bea2a7b4" daemon [_thread_in_vm, id=18012, stack(0x000000a3a0600000,0x000000a3a0700000)]
  0x000001b3b0b59ec0 JavaThread "Bundle File Closer" daemon [_thread_blocked, id=13472, stack(0x000000a3a0700000,0x000000a3a0800000)]
  0x000001b3b12723e0 JavaThread "SCR Component Actor" daemon [_thread_blocked, id=3460, stack(0x000000a3a0800000,0x000000a3a0900000)]
  0x000001b3b12719c0 JavaThread "SCR Component Registry" daemon [_thread_blocked, id=1284, stack(0x000000a3a0900000,0x000000a3a0a00000)]
  0x000001b3b1270070 JavaThread "Worker-JM" [_thread_blocked, id=1040, stack(0x000000a3a0a00000,0x000000a3a0b00000)]
  0x000001b3b1271ed0 JavaThread "JNA Cleaner" daemon [_thread_blocked, id=11860, stack(0x000000a3a0b00000,0x000000a3a0c00000)]
  0x000001b3b1273310 JavaThread "Worker-0: Checking project encoding" [_thread_blocked, id=11236, stack(0x000000a3a0c00000,0x000000a3a0d00000)]
  0x000001b3b1270580 JavaThread "Worker-1" [_thread_blocked, id=10676, stack(0x000000a3a0d00000,0x000000a3a0e00000)]

Other Threads:
  0x000001b3ab5862d0 VMThread "VM Thread" [stack: 0x000000a39f300000,0x000000a39f400000] [id=7152]
  0x000001b3b0b6eb50 WatcherThread [stack: 0x000000a39ff00000,0x000000a3a0000000] [id=12960]
  0x000001b397767710 GCTaskThread "GC Thread#0" [stack: 0x000000a39f200000,0x000000a39f300000] [id=21156]
  0x000001b3b0f61740 GCTaskThread "GC Thread#1" [stack: 0x000000a3a0000000,0x000000a3a0100000] [id=5456]
  0x000001b3b0f953f0 GCTaskThread "GC Thread#2" [stack: 0x000000a3a0100000,0x000000a3a0200000] [id=7860]
  0x000001b3b0f956b0 GCTaskThread "GC Thread#3" [stack: 0x000000a3a0200000,0x000000a3a0300000] [id=14776]

Threads with active compile tasks:

VM state: not at safepoint (normal execution)

VM Mutex/Monitor currently owned by a thread:  ([mutex/lock_event])
[0x000001b39774b530] Metaspace_lock - owner thread: 0x000001b3b08adf70

Heap address: 0x00000000c0000000, size: 1024 MB, Compressed Oops mode: 32-bit

CDS archive(s) not mapped
Compressed class space mapped at: 0x0000000100000000-0x0000000140000000, reserved size: 1073741824
Narrow klass base: 0x0000000000000000, Narrow klass shift: 3, Narrow klass range: 0x140000000

GC Precious Log:
 CPUs: 4 total, 4 available
 Memory: 4007M
 Large Page Support: Disabled
 NUMA Support: Disabled
 Compressed Oops: Enabled (32-bit)
 Alignments: Space 512K, Generation 512K, Heap 2M
 Heap Min Capacity: 100M
 Heap Initial Capacity: 100M
 Heap Max Capacity: 1G
 Pre-touch: Disabled
 Parallel Workers: 4

Heap:
 PSYoungGen      total 26624K, used 24543K [0x00000000eab00000, 0x00000000ecb00000, 0x0000000100000000)
  eden space 25088K, 93% used [0x00000000eab00000,0x00000000ec1d2888,0x00000000ec380000)
  from space 1536K, 76% used [0x00000000ec980000,0x00000000ecaa53a0,0x00000000ecb00000)
  to   space 2560K, 0% used [0x00000000ec600000,0x00000000ec600000,0x00000000ec880000)
 ParOldGen       total 68608K, used 11213K [0x00000000c0000000, 0x00000000c4300000, 0x00000000eab00000)
  object space 68608K, 16% used [0x00000000c0000000,0x00000000c0af3600,0x00000000c4300000)
 Metaspace       used 27473K, committed 28096K, reserved 1114112K
  class space    used 2796K, committed 3072K, reserved 1048576K

Card table byte_map: [0x000001b397120000,0x000001b397330000] _byte_map_base: 0x000001b396b20000

Marking Bits: (ParMarkBitMap*) 0x00007ffca13e6940
 Begin Bits: [0x000001b3a93f0000, 0x000001b3aa3f0000)
 End Bits:   [0x000001b3aa3f0000, 0x000001b3ab3f0000)

Polling page: 0x000001b396f10000

Metaspace:

Usage:
  Non-class:     24.10 MB used.
      Class:      2.73 MB used.
       Both:     26.83 MB used.

Virtual space:
  Non-class space:       64.00 MB reserved,      24.44 MB ( 38%) committed,  1 nodes.
      Class space:        1.00 GB reserved,       3.00 MB ( <1%) committed,  1 nodes.
             Both:        1.06 GB reserved,      27.44 MB (  3%) committed. 

Chunk freelists:
   Non-Class:  7.34 MB
       Class:  12.97 MB
        Both:  20.31 MB

MaxMetaspaceSize: unlimited
CompressedClassSpaceSize: 1.00 GB
Initial GC threshold: 21.00 MB
Current GC threshold: 35.00 MB
CDS: off
MetaspaceReclaimPolicy: balanced
 - commit_granule_bytes: 65536.
 - commit_granule_words: 8192.
 - virtual_space_node_default_size: 8388608.
 - enlarge_chunks_in_place: 1.
 - new_chunks_are_fully_committed: 0.
 - uncommit_free_chunks: 1.
 - use_allocation_guard: 0.
 - handle_deallocations: 1.


Internal statistics:

num_allocs_failed_limit: 3.
num_arena_births: 336.
num_arena_deaths: 0.
num_vsnodes_births: 2.
num_vsnodes_deaths: 0.
num_space_committed: 439.
num_space_uncommitted: 0.
num_chunks_returned_to_freelist: 3.
num_chunks_taken_from_freelist: 1075.
num_chunk_merges: 3.
num_chunk_splits: 700.
num_chunks_enlarged: 486.
num_inconsistent_stats: 0.

CodeHeap 'non-profiled nmethods': size=120000Kb used=1521Kb max_used=1521Kb free=118478Kb
 bounds [0x000001b3a1ec0000, 0x000001b3a2130000, 0x000001b3a93f0000]
CodeHeap 'profiled nmethods': size=120000Kb used=7783Kb max_used=7783Kb free=112216Kb
 bounds [0x000001b39a3f0000, 0x000001b39ab90000, 0x000001b3a1920000]
CodeHeap 'non-nmethods': size=5760Kb used=1213Kb max_used=1228Kb free=4546Kb
 bounds [0x000001b3a1920000, 0x000001b3a1b90000, 0x000001b3a1ec0000]
 total_blobs=4247 nmethods=3721 adapters=439
 compilation: enabled
              stopped_count=0, restarted_count=0
 full_count=0

Compilation events (20 events):
Event: 58.545 Thread 0x000001b3b07a55b0 3712       3       java.lang.invoke.MethodHandles$Lookup::getDirectMethodCommon (280 bytes)
Event: 58.547 Thread 0x000001b3b07a55b0 nmethod 3712 0x000001b39ab82a90 code [0x000001b39ab82da0, 0x000001b39ab83d98]
Event: 58.547 Thread 0x000001b3b07a55b0 3713       3       java.lang.invoke.MethodHandles$Lookup::checkMethod (87 bytes)
Event: 58.548 Thread 0x000001b3b07a55b0 nmethod 3713 0x000001b39ab84390 code [0x000001b39ab845a0, 0x000001b39ab84cf8]
Event: 58.594 Thread 0x000001b3b07a55b0 3714       3       java.util.concurrent.atomic.AtomicInteger::<init> (5 bytes)
Event: 58.595 Thread 0x000001b3b07a55b0 nmethod 3714 0x000001b39ab84f90 code [0x000001b39ab85140, 0x000001b39ab852f8]
Event: 58.596 Thread 0x000001b3b07a55b0 3715       3       java.lang.ThreadLocal$ThreadLocalMap::getEntryAfterMiss (59 bytes)
Event: 58.597 Thread 0x000001b3b07a55b0 nmethod 3715 0x000001b39ab85410 code [0x000001b39ab85600, 0x000001b39ab85be8]
Event: 58.600 Thread 0x000001b3b07a55b0 3716       3       org.apache.felix.scr.impl.manager.DependencyManager$AbstractCustomizer::getTracker (8 bytes)
Event: 58.600 Thread 0x000001b3b07a55b0 nmethod 3716 0x000001b39ab85e10 code [0x000001b39ab85fa0, 0x000001b39ab860d8]
Event: 58.615 Thread 0x000001b3b07a55b0 3718       3       java.lang.invoke.Invokers::checkExactType (17 bytes)
Event: 58.615 Thread 0x000001b3b07a55b0 nmethod 3718 0x000001b39ab86190 code [0x000001b39ab86340, 0x000001b39ab86548]
Event: 58.634 Thread 0x000001b3b07a55b0 3719       1       java.util.logging.LogManager$LoggerContext::getOwner (5 bytes)
Event: 58.635 Thread 0x000001b3b07a55b0 nmethod 3719 0x000001b3a203c490 code [0x000001b3a203c620, 0x000001b3a203c6f8]
Event: 58.637 Thread 0x000001b3b07a55b0 3720       3       java.lang.invoke.MethodHandleNatives::linkCallSite (66 bytes)
Event: 58.637 Thread 0x000001b3b07a55b0 nmethod 3720 0x000001b39ab86690 code [0x000001b39ab86860, 0x000001b39ab86d68]
Event: 58.637 Thread 0x000001b3b07a55b0 3721       3       java.lang.invoke.MethodHandleNatives::linkCallSiteImpl (44 bytes)
Event: 58.638 Thread 0x000001b3b07a55b0 nmethod 3721 0x000001b39ab86f10 code [0x000001b39ab87140, 0x000001b39ab87998]
Event: 58.638 Thread 0x000001b3b07a55b0 3722   !   3       java.lang.invoke.CallSite::makeSite (91 bytes)
Event: 58.640 Thread 0x000001b3b07a55b0 nmethod 3722 0x000001b39ab87d10 code [0x000001b39ab88040, 0x000001b39ab890b8]

GC Heap History (14 events):
Event: 6.965 GC heap before
{Heap before GC invocations=1 (full 0):
 PSYoungGen      total 29696K, used 25600K [0x00000000eab00000, 0x00000000ecc00000, 0x0000000100000000)
  eden space 25600K, 100% used [0x00000000eab00000,0x00000000ec400000,0x00000000ec400000)
  from space 4096K, 0% used [0x00000000ec800000,0x00000000ec800000,0x00000000ecc00000)
  to   space 4096K, 0% used [0x00000000ec400000,0x00000000ec400000,0x00000000ec800000)
 ParOldGen       total 68608K, used 0K [0x00000000c0000000, 0x00000000c4300000, 0x00000000eab00000)
  object space 68608K, 0% used [0x00000000c0000000,0x00000000c0000000,0x00000000c4300000)
 Metaspace       used 10967K, committed 11200K, reserved 1114112K
  class space    used 1090K, committed 1216K, reserved 1048576K
}
Event: 7.035 GC heap after
{Heap after GC invocations=1 (full 0):
 PSYoungGen      total 29696K, used 3181K [0x00000000eab00000, 0x00000000ecc00000, 0x0000000100000000)
  eden space 25600K, 0% used [0x00000000eab00000,0x00000000eab00000,0x00000000ec400000)
  from space 4096K, 77% used [0x00000000ec400000,0x00000000ec71b7b8,0x00000000ec800000)
  to   space 4096K, 0% used [0x00000000ec800000,0x00000000ec800000,0x00000000ecc00000)
 ParOldGen       total 68608K, used 0K [0x00000000c0000000, 0x00000000c4300000, 0x00000000eab00000)
  object space 68608K, 0% used [0x00000000c0000000,0x00000000c0000000,0x00000000c4300000)
 Metaspace       used 10967K, committed 11200K, reserved 1114112K
  class space    used 1090K, committed 1216K, reserved 1048576K
}
Event: 21.864 GC heap before
{Heap before GC invocations=2 (full 0):
 PSYoungGen      total 29696K, used 28781K [0x00000000eab00000, 0x00000000ecc00000, 0x0000000100000000)
  eden space 25600K, 100% used [0x00000000eab00000,0x00000000ec400000,0x00000000ec400000)
  from space 4096K, 77% used [0x00000000ec400000,0x00000000ec71b7b8,0x00000000ec800000)
  to   space 4096K, 0% used [0x00000000ec800000,0x00000000ec800000,0x00000000ecc00000)
 ParOldGen       total 68608K, used 0K [0x00000000c0000000, 0x00000000c4300000, 0x00000000eab00000)
  object space 68608K, 0% used [0x00000000c0000000,0x00000000c0000000,0x00000000c4300000)
 Metaspace       used 14489K, committed 14720K, reserved 1114112K
  class space    used 1450K, committed 1600K, reserved 1048576K
}
Event: 21.873 GC heap after
{Heap after GC invocations=2 (full 0):
 PSYoungGen      total 29696K, used 4067K [0x00000000eab00000, 0x00000000ecc00000, 0x0000000100000000)
  eden space 25600K, 0% used [0x00000000eab00000,0x00000000eab00000,0x00000000ec400000)
  from space 4096K, 99% used [0x00000000ec800000,0x00000000ecbf8ff0,0x00000000ecc00000)
  to   space 4096K, 0% used [0x00000000ec400000,0x00000000ec400000,0x00000000ec800000)
 ParOldGen       total 68608K, used 1528K [0x00000000c0000000, 0x00000000c4300000, 0x00000000eab00000)
  object space 68608K, 2% used [0x00000000c0000000,0x00000000c017e360,0x00000000c4300000)
 Metaspace       used 14489K, committed 14720K, reserved 1114112K
  class space    used 1450K, committed 1600K, reserved 1048576K
}
Event: 40.114 GC heap before
{Heap before GC invocations=3 (full 0):
 PSYoungGen      total 29696K, used 29667K [0x00000000eab00000, 0x00000000ecc00000, 0x0000000100000000)
  eden space 25600K, 100% used [0x00000000eab00000,0x00000000ec400000,0x00000000ec400000)
  from space 4096K, 99% used [0x00000000ec800000,0x00000000ecbf8ff0,0x00000000ecc00000)
  to   space 4096K, 0% used [0x00000000ec400000,0x00000000ec400000,0x00000000ec800000)
 ParOldGen       total 68608K, used 1528K [0x00000000c0000000, 0x00000000c4300000, 0x00000000eab00000)
  object space 68608K, 2% used [0x00000000c0000000,0x00000000c017e360,0x00000000c4300000)
 Metaspace       used 16243K, committed 16512K, reserved 1114112K
  class space    used 1629K, committed 1728K, reserved 1048576K
}
Event: 40.135 GC heap after
{Heap after GC invocations=3 (full 0):
 PSYoungGen      total 29696K, used 4091K [0x00000000eab00000, 0x00000000ecc00000, 0x0000000100000000)
  eden space 25600K, 0% used [0x00000000eab00000,0x00000000eab00000,0x00000000ec400000)
  from space 4096K, 99% used [0x00000000ec400000,0x00000000ec7fef18,0x00000000ec800000)
  to   space 4096K, 0% used [0x00000000ec800000,0x00000000ec800000,0x00000000ecc00000)
 ParOldGen       total 68608K, used 6186K [0x00000000c0000000, 0x00000000c4300000, 0x00000000eab00000)
  object space 68608K, 9% used [0x00000000c0000000,0x00000000c060a860,0x00000000c4300000)
 Metaspace       used 16243K, committed 16512K, reserved 1114112K
  class space    used 1629K, committed 1728K, reserved 1048576K
}
Event: 52.270 GC heap before
{Heap before GC invocations=4 (full 0):
 PSYoungGen      total 29696K, used 29691K [0x00000000eab00000, 0x00000000ecc00000, 0x0000000100000000)
  eden space 25600K, 100% used [0x00000000eab00000,0x00000000ec400000,0x00000000ec400000)
  from space 4096K, 99% used [0x00000000ec400000,0x00000000ec7fef18,0x00000000ec800000)
  to   space 4096K, 0% used [0x00000000ec800000,0x00000000ec800000,0x00000000ecc00000)
 ParOldGen       total 68608K, used 6186K [0x00000000c0000000, 0x00000000c4300000, 0x00000000eab00000)
  object space 68608K, 9% used [0x00000000c0000000,0x00000000c060a860,0x00000000c4300000)
 Metaspace       used 19492K, committed 19968K, reserved 1114112K
  class space    used 1953K, committed 2176K, reserved 1048576K
}
Event: 52.280 GC heap after
{Heap after GC invocations=4 (full 0):
 PSYoungGen      total 29696K, used 4067K [0x00000000eab00000, 0x00000000ecc00000, 0x0000000100000000)
  eden space 25600K, 0% used [0x00000000eab00000,0x00000000eab00000,0x00000000ec400000)
  from space 4096K, 99% used [0x00000000ec800000,0x00000000ecbf8de8,0x00000000ecc00000)
  to   space 4096K, 0% used [0x00000000ec400000,0x00000000ec400000,0x00000000ec800000)
 ParOldGen       total 68608K, used 7688K [0x00000000c0000000, 0x00000000c4300000, 0x00000000eab00000)
  object space 68608K, 11% used [0x00000000c0000000,0x00000000c07823f0,0x00000000c4300000)
 Metaspace       used 19492K, committed 19968K, reserved 1114112K
  class space    used 1953K, committed 2176K, reserved 1048576K
}
Event: 53.409 GC heap before
{Heap before GC invocations=5 (full 0):
 PSYoungGen      total 29696K, used 14960K [0x00000000eab00000, 0x00000000ecc00000, 0x0000000100000000)
  eden space 25600K, 42% used [0x00000000eab00000,0x00000000eb5a3520,0x00000000ec400000)
  from space 4096K, 99% used [0x00000000ec800000,0x00000000ecbf8de8,0x00000000ecc00000)
  to   space 4096K, 0% used [0x00000000ec400000,0x00000000ec400000,0x00000000ec800000)
 ParOldGen       total 68608K, used 7688K [0x00000000c0000000, 0x00000000c4300000, 0x00000000eab00000)
  object space 68608K, 11% used [0x00000000c0000000,0x00000000c07823f0,0x00000000c4300000)
 Metaspace       used 21097K, committed 21504K, reserved 1114112K
  class space    used 2106K, committed 2304K, reserved 1048576K
}
Event: 53.417 GC heap after
{Heap after GC invocations=5 (full 0):
 PSYoungGen      total 29696K, used 4074K [0x00000000eab00000, 0x00000000ecf00000, 0x0000000100000000)
  eden space 25600K, 0% used [0x00000000eab00000,0x00000000eab00000,0x00000000ec400000)
  from space 4096K, 99% used [0x00000000ec400000,0x00000000ec7faa50,0x00000000ec800000)
  to   space 5632K, 0% used [0x00000000ec980000,0x00000000ec980000,0x00000000ecf00000)
 ParOldGen       total 68608K, used 8240K [0x00000000c0000000, 0x00000000c4300000, 0x00000000eab00000)
  object space 68608K, 12% used [0x00000000c0000000,0x00000000c080c3f0,0x00000000c4300000)
 Metaspace       used 21097K, committed 21504K, reserved 1114112K
  class space    used 2106K, committed 2304K, reserved 1048576K
}
Event: 53.417 GC heap before
{Heap before GC invocations=6 (full 1):
 PSYoungGen      total 29696K, used 4074K [0x00000000eab00000, 0x00000000ecf00000, 0x0000000100000000)
  eden space 25600K, 0% used [0x00000000eab00000,0x00000000eab00000,0x00000000ec400000)
  from space 4096K, 99% used [0x00000000ec400000,0x00000000ec7faa50,0x00000000ec800000)
  to   space 5632K, 0% used [0x00000000ec980000,0x00000000ec980000,0x00000000ecf00000)
 ParOldGen       total 68608K, used 8240K [0x00000000c0000000, 0x00000000c4300000, 0x00000000eab00000)
  object space 68608K, 12% used [0x00000000c0000000,0x00000000c080c3f0,0x00000000c4300000)
 Metaspace       used 21097K, committed 21504K, reserved 1114112K
  class space    used 2106K, committed 2304K, reserved 1048576K
}
Event: 53.479 GC heap after
{Heap after GC invocations=6 (full 1):
 PSYoungGen      total 29696K, used 0K [0x00000000eab00000, 0x00000000ecf00000, 0x0000000100000000)
  eden space 25600K, 0% used [0x00000000eab00000,0x00000000eab00000,0x00000000ec400000)
  from space 4096K, 0% used [0x00000000ec400000,0x00000000ec400000,0x00000000ec800000)
  to   space 5632K, 0% used [0x00000000ec980000,0x00000000ec980000,0x00000000ecf00000)
 ParOldGen       total 68608K, used 11205K [0x00000000c0000000, 0x00000000c4300000, 0x00000000eab00000)
  object space 68608K, 16% used [0x00000000c0000000,0x00000000c0af1600,0x00000000c4300000)
 Metaspace       used 21097K, committed 21504K, reserved 1114112K
  class space    used 2106K, committed 2304K, reserved 1048576K
}
Event: 57.293 GC heap before
{Heap before GC invocations=7 (full 1):
 PSYoungGen      total 29696K, used 25600K [0x00000000eab00000, 0x00000000ecf00000, 0x0000000100000000)
  eden space 25600K, 100% used [0x00000000eab00000,0x00000000ec400000,0x00000000ec400000)
  from space 4096K, 0% used [0x00000000ec400000,0x00000000ec400000,0x00000000ec800000)
  to   space 5632K, 0% used [0x00000000ec980000,0x00000000ec980000,0x00000000ecf00000)
 ParOldGen       total 68608K, used 11205K [0x00000000c0000000, 0x00000000c4300000, 0x00000000eab00000)
  object space 68608K, 16% used [0x00000000c0000000,0x00000000c0af1600,0x00000000c4300000)
 Metaspace       used 25128K, committed 25664K, reserved 1114112K
  class space    used 2535K, committed 2752K, reserved 1048576K
}
Event: 57.297 GC heap after
{Heap after GC invocations=7 (full 1):
 PSYoungGen      total 26624K, used 1172K [0x00000000eab00000, 0x00000000ecb00000, 0x0000000100000000)
  eden space 25088K, 0% used [0x00000000eab00000,0x00000000eab00000,0x00000000ec380000)
  from space 1536K, 76% used [0x00000000ec980000,0x00000000ecaa53a0,0x00000000ecb00000)
  to   space 2560K, 0% used [0x00000000ec600000,0x00000000ec600000,0x00000000ec880000)
 ParOldGen       total 68608K, used 11213K [0x00000000c0000000, 0x00000000c4300000, 0x00000000eab00000)
  object space 68608K, 16% used [0x00000000c0000000,0x00000000c0af3600,0x00000000c4300000)
 Metaspace       used 25128K, committed 25664K, reserved 1114112K
  class space    used 2535K, committed 2752K, reserved 1048576K
}

Dll operation events (10 events):
Event: 0.390 Loaded shared library c:\Users\lucas\.vscode\extensions\redhat.java-1.37.0-win32-x64\jre\17.0.13-win32-x86_64\bin\java.dll
Event: 1.962 Loaded shared library c:\Users\lucas\.vscode\extensions\redhat.java-1.37.0-win32-x64\jre\17.0.13-win32-x86_64\bin\zip.dll
Event: 1.982 Loaded shared library C:\Users\lucas\.vscode\extensions\redhat.java-1.37.0-win32-x64\jre\17.0.13-win32-x86_64\bin\instrument.dll
Event: 2.068 Loaded shared library C:\Users\lucas\.vscode\extensions\redhat.java-1.37.0-win32-x64\jre\17.0.13-win32-x86_64\bin\net.dll
Event: 2.073 Loaded shared library C:\Users\lucas\.vscode\extensions\redhat.java-1.37.0-win32-x64\jre\17.0.13-win32-x86_64\bin\nio.dll
Event: 2.088 Loaded shared library C:\Users\lucas\.vscode\extensions\redhat.java-1.37.0-win32-x64\jre\17.0.13-win32-x86_64\bin\zip.dll
Event: 2.320 Loaded shared library C:\Users\lucas\.vscode\extensions\redhat.java-1.37.0-win32-x64\jre\17.0.13-win32-x86_64\bin\jimage.dll
Event: 3.004 Loaded shared library c:\Users\lucas\.vscode\extensions\redhat.java-1.37.0-win32-x64\jre\17.0.13-win32-x86_64\bin\verify.dll
Event: 21.090 Loaded shared library C:\Users\lucas\AppData\Roaming\Code\User\globalStorage\redhat.java\1.37.0\config_win\org.eclipse.equinox.launcher\org.eclipse.equinox.launcher.win32.win32.x86_64_1.2.1100.v20240722-2106\eclipse_11904.dll
Event: 56.505 Loaded shared library C:\Users\lucas\AppData\Local\Temp\jna-103324076\jna9382790770841576286.dll

Deoptimization events (20 events):
Event: 57.649 Thread 0x000001b3b08adf70 DEOPT PACKING pc=0x000001b39a6c10e4 sp=0x000000a3a06f0460
Event: 57.650 Thread 0x000001b3b08adf70 DEOPT UNPACKING pc=0x000001b3a1976e43 sp=0x000000a3a06ef9e0 mode 0
Event: 57.869 Thread 0x000001b3b08adf70 Uncommon trap: trap_request=0xffffffc6 fr.pc=0x000001b3a1f964f0 relative=0x0000000000000f50
Event: 57.869 Thread 0x000001b3b08adf70 Uncommon trap: reason=bimorphic_or_optimized_type_check action=maybe_recompile pc=0x000001b3a1f964f0 method=java.util.Properties$LineReader.readLine()I @ 479 c2
Event: 57.869 Thread 0x000001b3b08adf70 DEOPT PACKING pc=0x000001b3a1f964f0 sp=0x000000a3a06f2170
Event: 57.869 Thread 0x000001b3b08adf70 DEOPT UNPACKING pc=0x000001b3a19766a3 sp=0x000000a3a06f2110 mode 2
Event: 58.340 Thread 0x000001b3b08adf70 DEOPT PACKING pc=0x000001b39a769c17 sp=0x000000a3a06f1fb0
Event: 58.340 Thread 0x000001b3b08adf70 DEOPT UNPACKING pc=0x000001b3a1976e43 sp=0x000000a3a06f14c0 mode 0
Event: 58.453 Thread 0x000001b3b08adf70 Uncommon trap: trap_request=0xffffff45 fr.pc=0x000001b3a1edb924 relative=0x0000000000000384
Event: 58.453 Thread 0x000001b3b08adf70 Uncommon trap: reason=unstable_if action=reinterpret pc=0x000001b3a1edb924 method=java.lang.StringLatin1.canEncode(I)Z @ 4 c2
Event: 58.453 Thread 0x000001b3b08adf70 DEOPT PACKING pc=0x000001b3a1edb924 sp=0x000000a3a06f29e0
Event: 58.453 Thread 0x000001b3b08adf70 DEOPT UNPACKING pc=0x000001b3a19766a3 sp=0x000000a3a06f2908 mode 2
Event: 58.453 Thread 0x000001b3b08adf70 Uncommon trap: trap_request=0xffffff45 fr.pc=0x000001b3a1edc280 relative=0x0000000000000360
Event: 58.453 Thread 0x000001b3b08adf70 Uncommon trap: reason=unstable_if action=reinterpret pc=0x000001b3a1edc280 method=java.lang.AbstractStringBuilder.isLatin1()Z @ 10 c2
Event: 58.453 Thread 0x000001b3b08adf70 DEOPT PACKING pc=0x000001b3a1edc280 sp=0x000000a3a06f29f0
Event: 58.453 Thread 0x000001b3b08adf70 DEOPT UNPACKING pc=0x000001b3a19766a3 sp=0x000000a3a06f2970 mode 2
Event: 58.453 Thread 0x000001b3b08adf70 Uncommon trap: trap_request=0xffffff45 fr.pc=0x000001b3a1ee525c relative=0x000000000000005c
Event: 58.453 Thread 0x000001b3b08adf70 Uncommon trap: reason=unstable_if action=reinterpret pc=0x000001b3a1ee525c method=java.lang.AbstractStringBuilder.isLatin1()Z @ 10 c2
Event: 58.453 Thread 0x000001b3b08adf70 DEOPT PACKING pc=0x000001b3a1ee525c sp=0x000000a3a06f29d0
Event: 58.453 Thread 0x000001b3b08adf70 DEOPT UNPACKING pc=0x000001b3a19766a3 sp=0x000000a3a06f2960 mode 2

Classes loaded (20 events):
Event: 58.632 Loading class java/io/ObjectInputStream$BlockDataInputStream done
Event: 58.633 Loading class java/io/ObjectInputStream$PeekInputStream
Event: 58.633 Loading class java/io/ObjectInputStream$PeekInputStream done
Event: 58.633 Loading class java/io/ObjectInputStream$HandleTable
Event: 58.633 Loading class java/io/ObjectInputStream$HandleTable done
Event: 58.633 Loading class java/io/ObjectInputStream$HandleTable$HandleList
Event: 58.633 Loading class java/io/ObjectInputStream$HandleTable$HandleList done
Event: 58.633 Loading class java/io/ObjectInputStream$ValidationList
Event: 58.633 Loading class java/io/ObjectInputStream$ValidationList done
Event: 58.633 Loading class java/io/ObjectInputFilter$Config
Event: 58.634 Loading class java/io/ObjectInputFilter$Config done
Event: 58.635 Loading class java/io/ObjectInputFilter
Event: 58.635 Loading class java/io/ObjectInputFilter done
Event: 58.636 Loading class java/io/ObjectInputFilter$Config$BuiltinFilterFactory
Event: 58.636 Loading class java/io/ObjectInputFilter$Config$BuiltinFilterFactory done
Event: 58.636 Loading class jdk/internal/access/JavaObjectInputFilterAccess
Event: 58.636 Loading class jdk/internal/access/JavaObjectInputFilterAccess done
Event: 58.638 Loading class java/io/Bits
Event: 58.638 Loading class java/io/Bits done
Event: 58.638 Loading class java/io/ObjectStreamClass

Classes unloaded (0 events):
No events

Classes redefined (0 events):
No events

Internal exceptions (20 events):
Event: 54.334 Thread 0x000001b3b08adf70 Exception <a 'java/io/FileNotFoundException'{0x00000000eb176a70}> (0x00000000eb176a70) 
thrown [s\src\hotspot\share\prims\jni.cpp, line 516]
Event: 54.336 Thread 0x000001b3b08adf70 Exception <a 'java/io/FileNotFoundException'{0x00000000eb17dd30}> (0x00000000eb17dd30) 
thrown [s\src\hotspot\share\prims\jni.cpp, line 516]
Event: 54.720 Thread 0x000001b3b08adf70 Exception <a 'java/lang/NoSuchMethodError'{0x00000000eb435b40}: 'java.lang.Object java.lang.invoke.DirectMethodHandle$Holder.newInvokeSpecial(java.lang.Object, java.lang.Object, java.lang.Object, java.lang.Object, java.lang.Object)'> (0x00000000eb435b40) 
thrown [s\src\hotspot\share\interpreter\linkResolver.cpp, line 759]
Event: 55.235 Thread 0x000001b3b08adf70 Exception <a 'java/lang/NoSuchMethodError'{0x00000000eb663900}: 'java.lang.Object java.lang.invoke.DirectMethodHandle$Holder.invokeStaticInit(java.lang.Object, int)'> (0x00000000eb663900) 
thrown [s\src\hotspot\share\interpreter\linkResolver.cpp, line 759]
Event: 55.685 Thread 0x000001b3b08adf70 Exception <a 'java/lang/NoSuchMethodError'{0x00000000eb8e4668}: 'java.lang.Object java.lang.invoke.DirectMethodHandle$Holder.invokeStaticInit(java.lang.Object, int, int, int, int)'> (0x00000000eb8e4668) 
thrown [s\src\hotspot\share\interpreter\linkResolver.cpp, line 759]
Event: 56.175 Thread 0x000001b3b08adf70 Exception <a 'java/lang/NoSuchMethodError'{0x00000000eba39a20}: 'java.lang.Object java.lang.invoke.DirectMethodHandle$Holder.invokeStaticInit(java.lang.Object, java.lang.Object, int, int, int, int)'> (0x00000000eba39a20) 
thrown [s\src\hotspot\share\interpreter\linkResolver.cpp, line 759]
Event: 56.727 Thread 0x000001b3b08adf70 Exception <a 'java/lang/NoSuchMethodError'{0x00000000ebd5eb00}: 'java.lang.Object java.lang.invoke.DirectMethodHandle$Holder.invokeSpecial(java.lang.Object, java.lang.Object, java.lang.Object, long, java.lang.Object)'> (0x00000000ebd5eb00) 
thrown [s\src\hotspot\share\interpreter\linkResolver.cpp, line 759]
Event: 56.728 Thread 0x000001b3b08adf70 Exception <a 'java/lang/NoSuchMethodError'{0x00000000ebd69ba8}: 'java.lang.Object java.lang.invoke.DirectMethodHandle$Holder.newInvokeSpecial(java.lang.Object, java.lang.Object, java.lang.Object, long)'> (0x00000000ebd69ba8) 
thrown [s\src\hotspot\share\interpreter\linkResolver.cpp, line 759]
Event: 56.729 Thread 0x000001b3b08adf70 Exception <a 'java/lang/NoSuchMethodError'{0x00000000ebd6e148}: 'java.lang.Object java.lang.invoke.DirectMethodHandle$Holder.invokeSpecial(java.lang.Object, java.lang.Object, java.lang.Object, java.lang.Object, long)'> (0x00000000ebd6e148) 
thrown [s\src\hotspot\share\interpreter\linkResolver.cpp, line 759]
Event: 56.730 Thread 0x000001b3b08adf70 Exception <a 'java/lang/NoSuchMethodError'{0x00000000ebd71fc0}: 'java.lang.Object java.lang.invoke.Invokers$Holder.linkToTargetMethod(java.lang.Object, java.lang.Object, long, java.lang.Object)'> (0x00000000ebd71fc0) 
thrown [s\src\hotspot\share\interpreter\linkResolver.cpp, line 759]
Event: 56.871 Thread 0x000001b3b08adf70 Exception <a 'java/lang/NoSuchMethodError'{0x00000000ebdd9220}: 'int java.lang.invoke.DirectMethodHandle$Holder.invokeStaticInit(java.lang.Object, java.lang.Object, java.lang.Object)'> (0x00000000ebdd9220) 
thrown [s\src\hotspot\share\interpreter\linkResolver.cpp, line 759]
Event: 56.944 Thread 0x000001b3b08adf70 Exception <a 'java/lang/IncompatibleClassChangeError'{0x00000000ebea9c78}: Found class java.lang.Object, but interface was expected> (0x00000000ebea9c78) 
thrown [s\src\hotspot\share\interpreter\linkResolver.cpp, line 826]
Event: 56.950 Thread 0x000001b3b08adf70 Exception <a 'java/lang/NoSuchMethodError'{0x00000000ebebb9f8}: 'java.lang.Object java.lang.invoke.DirectMethodHandle$Holder.invokeSpecial(java.lang.Object, java.lang.Object, java.lang.Object, int, java.lang.Object, java.lang.Object)'> (0x00000000ebebb9f8) 
thrown [s\src\hotspot\share\interpreter\linkResolver.cpp, line 759]
Event: 56.951 Thread 0x000001b3b08adf70 Exception <a 'java/lang/NoSuchMethodError'{0x00000000ebec40f0}: 'java.lang.Object java.lang.invoke.DirectMethodHandle$Holder.newInvokeSpecial(java.lang.Object, java.lang.Object, java.lang.Object, int, java.lang.Object)'> (0x00000000ebec40f0) 
thrown [s\src\hotspot\share\interpreter\linkResolver.cpp, line 759]
Event: 56.952 Thread 0x000001b3b08adf70 Exception <a 'java/lang/NoSuchMethodError'{0x00000000ebec8548}: 'java.lang.Object java.lang.invoke.DirectMethodHandle$Holder.invokeSpecial(java.lang.Object, java.lang.Object, java.lang.Object, java.lang.Object, int, java.lang.Object)'> (0x00000000ebec8548) 
thrown [s\src\hotspot\share\interpreter\linkResolver.cpp, line 759]
Event: 56.954 Thread 0x000001b3b1273310 Exception <a 'java/lang/NoSuchMethodError'{0x00000000ebdf0b78}: 'java.lang.Object java.lang.invoke.DirectMethodHandle$Holder.invokeSpecial(java.lang.Object, java.lang.Object, int, java.lang.Object, java.lang.Object)'> (0x00000000ebdf0b78) 
thrown [s\src\hotspot\share\interpreter\linkResolver.cpp, line 759]
Event: 57.586 Thread 0x000001b3b08adf70 Exception <a 'java/lang/NoSuchMethodError'{0x00000000eb2261c0}: 'java.lang.Object java.lang.invoke.Invokers$Holder.linkToTargetMethod(java.lang.Object, long, java.lang.Object, java.lang.Object)'> (0x00000000eb2261c0) 
thrown [s\src\hotspot\share\interpreter\linkResolver.cpp, line 759]
Event: 57.902 Thread 0x000001b3b08adf70 Exception <a 'java/io/FileNotFoundException'{0x00000000eb9c4008}> (0x00000000eb9c4008) 
thrown [s\src\hotspot\share\prims\jni.cpp, line 516]
Event: 57.904 Thread 0x000001b3b08adf70 Exception <a 'java/lang/NoSuchMethodError'{0x00000000eb9cd300}: 'java.lang.Object java.lang.invoke.DirectMethodHandle$Holder.newInvokeSpecial(java.lang.Object, int, java.lang.Object, java.lang.Object)'> (0x00000000eb9cd300) 
thrown [s\src\hotspot\share\interpreter\linkResolver.cpp, line 759]
Event: 58.613 Thread 0x000001b3b08adf70 Exception <a 'java/lang/NoSuchMethodError'{0x00000000ec17a548}: 'void java.lang.invoke.DirectMethodHandle$Holder.invokeSpecial(java.lang.Object, java.lang.Object, java.lang.Object, int)'> (0x00000000ec17a548) 
thrown [s\src\hotspot\share\interpreter\linkResolver.cpp, line 759]

VM Operations (20 events):
Event: 56.134 Executing VM operation: HandshakeAllThreads
Event: 56.134 Executing VM operation: HandshakeAllThreads done
Event: 56.542 Executing VM operation: HandshakeAllThreads
Event: 56.542 Executing VM operation: HandshakeAllThreads done
Event: 56.542 Executing VM operation: Cleanup
Event: 56.542 Executing VM operation: Cleanup done
Event: 57.204 Executing VM operation: HandshakeAllThreads
Event: 57.204 Executing VM operation: HandshakeAllThreads done
Event: 57.293 Executing VM operation: ParallelGCFailedAllocation
Event: 57.297 Executing VM operation: ParallelGCFailedAllocation done
Event: 57.321 Executing VM operation: HandshakeAllThreads
Event: 57.321 Executing VM operation: HandshakeAllThreads done
Event: 57.348 Executing VM operation: HandshakeAllThreads
Event: 57.348 Executing VM operation: HandshakeAllThreads done
Event: 57.348 Executing VM operation: HandshakeAllThreads
Event: 57.348 Executing VM operation: HandshakeAllThreads done
Event: 58.347 Executing VM operation: Cleanup
Event: 58.348 Executing VM operation: Cleanup done
Event: 58.543 Executing VM operation: HandshakeAllThreads
Event: 58.543 Executing VM operation: HandshakeAllThreads done

Memory protections (0 events):
No events

Nmethod flushes (0 events):
No events

Events (20 events):
Event: 1.039 Thread 0x000001b397750270 Thread added: 0x000001b39780a080
Event: 1.039 Thread 0x000001b397750270 Thread added: 0x000001b39780af00
Event: 1.040 Thread 0x000001b397750270 Thread added: 0x000001b39780bd80
Event: 1.040 Thread 0x000001b397750270 Thread added: 0x000001b39780e9b0
Event: 1.040 Thread 0x000001b397750270 Thread added: 0x000001b3ab5c0890
Event: 1.131 Thread 0x000001b397750270 Thread added: 0x000001b3b07a55b0
Event: 1.219 Thread 0x000001b397750270 Thread added: 0x000001b3b07a8280
Event: 1.673 Thread 0x000001b397750270 Thread added: 0x000001b3b08b0e40
Event: 3.684 Thread 0x000001b397750270 Thread added: 0x000001b3b0b32fc0
Event: 8.186 Thread 0x000001b397750270 Thread added: 0x000001b3b1108600
Event: 21.072 Thread 0x000001b397750270 Thread added: 0x000001b3b1074050
Event: 21.686 Thread 0x000001b3b1074050 Thread added: 0x000001b3b08ab610
Event: 21.703 Thread 0x000001b397750270 Thread added: 0x000001b3b08adf70
Event: 37.240 Thread 0x000001b3b08adf70 Thread added: 0x000001b3b0b59ec0
Event: 50.147 Thread 0x000001b3b08adf70 Thread added: 0x000001b3b12723e0
Event: 50.736 Thread 0x000001b3b08adf70 Thread added: 0x000001b3b12719c0
Event: 53.340 Thread 0x000001b3b08adf70 Thread added: 0x000001b3b1270070
Event: 56.582 Thread 0x000001b3b08adf70 Thread added: 0x000001b3b1271ed0
Event: 56.816 Thread 0x000001b3b08adf70 Thread added: 0x000001b3b1273310
Event: 56.954 Thread 0x000001b3b08adf70 Thread added: 0x000001b3b1270580


Dynamic libraries:
0x00007ff6c50b0000 - 0x00007ff6c50be000 	c:\Users\lucas\.vscode\extensions\redhat.java-1.37.0-win32-x64\jre\17.0.13-win32-x86_64\bin\java.exe
0x00007ffd081d0000 - 0x00007ffd083c8000 	C:\WINDOWS\SYSTEM32\ntdll.dll
0x00007ffd06790000 - 0x00007ffd06852000 	C:\WINDOWS\System32\KERNEL32.DLL
0x00007ffd05b00000 - 0x00007ffd05dfe000 	C:\WINDOWS\System32\KERNELBASE.dll
0x00007ffd05870000 - 0x00007ffd05970000 	C:\WINDOWS\System32\ucrtbase.dll
0x00007ffce50e0000 - 0x00007ffce50f7000 	c:\Users\lucas\.vscode\extensions\redhat.java-1.37.0-win32-x64\jre\17.0.13-win32-x86_64\bin\jli.dll
0x00007ffd06bf0000 - 0x00007ffd06d8d000 	C:\WINDOWS\System32\USER32.dll
0x00007ffd06060000 - 0x00007ffd06082000 	C:\WINDOWS\System32\win32u.dll
0x00007ffd07650000 - 0x00007ffd0767b000 	C:\WINDOWS\System32\GDI32.dll
0x00007ffd05e00000 - 0x00007ffd05f17000 	C:\WINDOWS\System32\gdi32full.dll
0x00007ffd06090000 - 0x00007ffd0612d000 	C:\WINDOWS\System32\msvcp_win.dll
0x00007ffce3900000 - 0x00007ffce391e000 	c:\Users\lucas\.vscode\extensions\redhat.java-1.37.0-win32-x64\jre\17.0.13-win32-x86_64\bin\VCRUNTIME140.dll
0x00007ffce9fe0000 - 0x00007ffcea27a000 	C:\WINDOWS\WinSxS\amd64_microsoft.windows.common-controls_6595b64144ccf1df_6.0.19041.4355_none_60b8b9eb71f62e16\COMCTL32.dll
0x00007ffd07850000 - 0x00007ffd078ee000 	C:\WINDOWS\System32\msvcrt.dll
0x00007ffd079c0000 - 0x00007ffd079ef000 	C:\WINDOWS\System32\IMM32.DLL
0x00007ffcfdee0000 - 0x00007ffcfdeec000 	c:\Users\lucas\.vscode\extensions\redhat.java-1.37.0-win32-x64\jre\17.0.13-win32-x86_64\bin\vcruntime140_1.dll
0x00007ffcd7c60000 - 0x00007ffcd7ced000 	c:\Users\lucas\.vscode\extensions\redhat.java-1.37.0-win32-x64\jre\17.0.13-win32-x86_64\bin\msvcp140.dll
0x00007ffca0840000 - 0x00007ffca14ab000 	c:\Users\lucas\.vscode\extensions\redhat.java-1.37.0-win32-x64\jre\17.0.13-win32-x86_64\bin\server\jvm.dll
0x00007ffd08020000 - 0x00007ffd080d1000 	C:\WINDOWS\System32\ADVAPI32.dll
0x00007ffd06b50000 - 0x00007ffd06bef000 	C:\WINDOWS\System32\sechost.dll
0x00007ffd07710000 - 0x00007ffd07833000 	C:\WINDOWS\System32\RPCRT4.dll
0x00007ffd05970000 - 0x00007ffd05997000 	C:\WINDOWS\System32\bcrypt.dll
0x00007ffd07d50000 - 0x00007ffd07dbb000 	C:\WINDOWS\System32\WS2_32.dll
0x00007ffd04e00000 - 0x00007ffd04e4b000 	C:\WINDOWS\SYSTEM32\POWRPROF.dll
0x00007ffcf1040000 - 0x00007ffcf1067000 	C:\WINDOWS\SYSTEM32\WINMM.dll
0x00007ffcfb9b0000 - 0x00007ffcfb9ba000 	C:\WINDOWS\SYSTEM32\VERSION.dll
0x00007ffd04c70000 - 0x00007ffd04c82000 	C:\WINDOWS\SYSTEM32\UMPDC.dll
0x00007ffd04070000 - 0x00007ffd04082000 	C:\WINDOWS\SYSTEM32\kernel.appcore.dll
0x00007ffceb3c0000 - 0x00007ffceb3ca000 	c:\Users\lucas\.vscode\extensions\redhat.java-1.37.0-win32-x64\jre\17.0.13-win32-x86_64\bin\jimage.dll
0x00007ffd03460000 - 0x00007ffd03644000 	C:\WINDOWS\SYSTEM32\DBGHELP.DLL
0x00007ffcf0f20000 - 0x00007ffcf0f54000 	C:\WINDOWS\SYSTEM32\dbgcore.DLL
0x00007ffd05fd0000 - 0x00007ffd06052000 	C:\WINDOWS\System32\bcryptPrimitives.dll
0x00007ffce5d60000 - 0x00007ffce5d6e000 	c:\Users\lucas\.vscode\extensions\redhat.java-1.37.0-win32-x64\jre\17.0.13-win32-x86_64\bin\instrument.dll
0x00007ffcdf0c0000 - 0x00007ffcdf0e5000 	c:\Users\lucas\.vscode\extensions\redhat.java-1.37.0-win32-x64\jre\17.0.13-win32-x86_64\bin\java.dll
0x00007ffce3120000 - 0x00007ffce3138000 	c:\Users\lucas\.vscode\extensions\redhat.java-1.37.0-win32-x64\jre\17.0.13-win32-x86_64\bin\zip.dll
0x00007ffd06e70000 - 0x00007ffd075dd000 	C:\WINDOWS\System32\SHELL32.dll
0x00007ffd038b0000 - 0x00007ffd04053000 	C:\WINDOWS\SYSTEM32\windows.storage.dll
0x00007ffd079f0000 - 0x00007ffd07d43000 	C:\WINDOWS\System32\combase.dll
0x00007ffd052a0000 - 0x00007ffd052ce000 	C:\WINDOWS\SYSTEM32\Wldp.dll
0x00007ffd078f0000 - 0x00007ffd079bd000 	C:\WINDOWS\System32\OLEAUT32.dll
0x00007ffd080e0000 - 0x00007ffd0818d000 	C:\WINDOWS\System32\SHCORE.dll
0x00007ffd075f0000 - 0x00007ffd07645000 	C:\WINDOWS\System32\shlwapi.dll
0x00007ffd057a0000 - 0x00007ffd057c4000 	C:\WINDOWS\SYSTEM32\profapi.dll
0x00007ffce2270000 - 0x00007ffce2289000 	C:\Users\lucas\.vscode\extensions\redhat.java-1.37.0-win32-x64\jre\17.0.13-win32-x86_64\bin\net.dll
0x00007ffcf8040000 - 0x00007ffcf814d000 	C:\WINDOWS\SYSTEM32\WINHTTP.dll
0x00007ffd05000000 - 0x00007ffd0506a000 	C:\WINDOWS\system32\mswsock.dll
0x00007ffce21d0000 - 0x00007ffce21e6000 	C:\Users\lucas\.vscode\extensions\redhat.java-1.37.0-win32-x64\jre\17.0.13-win32-x86_64\bin\nio.dll
0x00007ffceb360000 - 0x00007ffceb370000 	c:\Users\lucas\.vscode\extensions\redhat.java-1.37.0-win32-x64\jre\17.0.13-win32-x86_64\bin\verify.dll
0x00007ffce2330000 - 0x00007ffce2375000 	C:\Users\lucas\AppData\Roaming\Code\User\globalStorage\redhat.java\1.37.0\config_win\org.eclipse.equinox.launcher\org.eclipse.equinox.launcher.win32.win32.x86_64_1.2.1100.v20240722-2106\eclipse_11904.dll
0x00007ffd061f0000 - 0x00007ffd0631b000 	C:\WINDOWS\System32\ole32.dll
0x00007ffd051f0000 - 0x00007ffd05208000 	C:\WINDOWS\SYSTEM32\CRYPTSP.dll
0x00007ffd048b0000 - 0x00007ffd048e4000 	C:\WINDOWS\system32\rsaenh.dll
0x00007ffd05720000 - 0x00007ffd0574e000 	C:\WINDOWS\SYSTEM32\USERENV.dll
0x00007ffd05210000 - 0x00007ffd0521c000 	C:\WINDOWS\SYSTEM32\CRYPTBASE.dll
0x00007ffd04c90000 - 0x00007ffd04ccb000 	C:\WINDOWS\SYSTEM32\IPHLPAPI.DLL
0x00007ffd07840000 - 0x00007ffd07848000 	C:\WINDOWS\System32\NSI.dll
0x00007ffcf8b40000 - 0x00007ffcf8b57000 	C:\WINDOWS\SYSTEM32\dhcpcsvc6.DLL
0x00007ffcf99c0000 - 0x00007ffcf99dd000 	C:\WINDOWS\SYSTEM32\dhcpcsvc.DLL
0x00007ffd04ce0000 - 0x00007ffd04daa000 	C:\WINDOWS\SYSTEM32\DNSAPI.dll
0x00007ffcd7a20000 - 0x00007ffcd7a69000 	C:\Users\lucas\AppData\Local\Temp\jna-103324076\jna9382790770841576286.dll
0x00007ffd06880000 - 0x00007ffd06888000 	C:\WINDOWS\System32\PSAPI.DLL

dbghelp: loaded successfully - version: 4.0.5 - missing functions: none
symbol engine: initialized successfully - sym options: 0x614 - pdb path: .;c:\Users\lucas\.vscode\extensions\redhat.java-1.37.0-win32-x64\jre\17.0.13-win32-x86_64\bin;C:\WINDOWS\SYSTEM32;C:\WINDOWS\WinSxS\amd64_microsoft.windows.common-controls_6595b64144ccf1df_6.0.19041.4355_none_60b8b9eb71f62e16;c:\Users\lucas\.vscode\extensions\redhat.java-1.37.0-win32-x64\jre\17.0.13-win32-x86_64\bin\server;C:\Users\lucas\AppData\Roaming\Code\User\globalStorage\redhat.java\1.37.0\config_win\org.eclipse.equinox.launcher\org.eclipse.equinox.launcher.win32.win32.x86_64_1.2.1100.v20240722-2106;C:\Users\lucas\AppData\Local\Temp\jna-103324076

VM Arguments:
jvm_args: --add-modules=ALL-SYSTEM --add-opens=java.base/java.util=ALL-UNNAMED --add-opens=java.base/java.lang=ALL-UNNAMED --add-opens=java.base/sun.nio.fs=ALL-UNNAMED -Declipse.application=org.eclipse.jdt.ls.core.id1 -Dosgi.bundles.defaultStartLevel=4 -Declipse.product=org.eclipse.jdt.ls.core.product -Djava.import.generatesMetadataFilesAtProjectRoot=false -DDetectVMInstallationsJob.disabled=true -Dfile.encoding=utf8 -XX:+UseParallelGC -XX:GCTimeRatio=4 -XX:AdaptiveSizePolicyWeight=90 -Dsun.zip.disableMemoryMapping=true -Xmx1G -Xms100m -Xlog:disable -javaagent:c:\Users\lucas\.vscode\extensions\redhat.java-1.37.0-win32-x64\lombok\lombok-1.18.34.jar -XX:+HeapDumpOnOutOfMemoryError -XX:HeapDumpPath=c:\Users\lucas\AppData\Roaming\Code\User\workspaceStorage\0eab71f7b1cc4f279c6fe1f9dbeac1ec\redhat.java -Daether.dependencyCollector.impl=bf 
java_command: c:\Users\lucas\.vscode\extensions\redhat.java-1.37.0-win32-x64\server\plugins\org.eclipse.equinox.launcher_1.6.900.v20240613-2009.jar -configuration c:\Users\lucas\AppData\Roaming\Code\User\globalStorage\redhat.java\1.37.0\config_win -data c:\Users\lucas\AppData\Roaming\Code\User\workspaceStorage\0eab71f7b1cc4f279c6fe1f9dbeac1ec\redhat.java\jdt_ws --pipe=\\.\pipe\lsp-cb0383a9f7a81b8d8e326aaebaa0a521-sock
java_class_path (initial): c:\Users\lucas\.vscode\extensions\redhat.java-1.37.0-win32-x64\server\plugins\org.eclipse.equinox.launcher_1.6.900.v20240613-2009.jar
Launcher Type: SUN_STANDARD

[Global flags]
    uintx AdaptiveSizePolicyWeight                 = 90                                        {product} {command line}
     intx CICompilerCount                          = 3                                         {product} {ergonomic}
    uintx GCTimeRatio                              = 4                                         {product} {command line}
     bool HeapDumpOnOutOfMemoryError               = true                                   {manageable} {command line}
    ccstr HeapDumpPath                             = c:\Users\lucas\AppData\Roaming\Code\User\workspaceStorage\0eab71f7b1cc4f279c6fe1f9dbeac1ec\redhat.java         {manageable} {command line}
   size_t InitialHeapSize                          = 104857600                                 {product} {command line}
   size_t MaxHeapSize                              = 1073741824                                {product} {command line}
   size_t MaxNewSize                               = 357564416                                 {product} {ergonomic}
   size_t MinHeapDeltaBytes                        = 524288                                    {product} {ergonomic}
   size_t MinHeapSize                              = 104857600                                 {product} {command line}
   size_t NewSize                                  = 34603008                                  {product} {ergonomic}
    uintx NonNMethodCodeHeapSize                   = 5832780                                {pd product} {ergonomic}
    uintx NonProfiledCodeHeapSize                  = 122912730                              {pd product} {ergonomic}
   size_t OldSize                                  = 70254592                                  {product} {ergonomic}
    uintx ProfiledCodeHeapSize                     = 122912730                              {pd product} {ergonomic}
    uintx ReservedCodeCacheSize                    = 251658240                              {pd product} {ergonomic}
     bool SegmentedCodeCache                       = true                                      {product} {ergonomic}
   size_t SoftMaxHeapSize                          = 1073741824                             {manageable} {ergonomic}
     bool UseCompressedClassPointers               = true                           {product lp64_product} {ergonomic}
     bool UseCompressedOops                        = true                           {product lp64_product} {ergonomic}
     bool UseLargePagesIndividualAllocation        = false                                  {pd product} {ergonomic}
     bool UseParallelGC                            = true                                      {product} {command line}

Logging:
Log output configuration:
 #0: stdout all=off uptime,level,tags
 #1: stderr all=off uptime,level,tags

Environment Variables:
PATH=C:\Program Files\Common Files\Oracle\Java\javapath;C:\Program Files (x86)\Intel\Intel(R) Management Engine Components\iCLS\;C:\Program Files\Intel\Intel(R) Management Engine Components\iCLS\;C:\WINDOWS\system32;C:\WINDOWS;C:\WINDOWS\System32\Wbem;C:\WINDOWS\System32\WindowsPowerShell\v1.0\;C:\WINDOWS\System32\OpenSSH\;C:\Program Files (x86)\Intel\Intel(R) Management Engine Components\DAL;C:\Program Files\Intel\Intel(R) Management Engine Components\DAL;C:\Program Files\nodejs\;C:\Program Files\Git\cmd;C:\Program Files\MySQL\MySQL Server 8.0\bin;C:\Users\lucas\flutter\bin;C:\Users\lucas\AppData\Local\Programs\Python\Python312\;C:\Users\lucas\AppData\Local\Programs\Python\Python312\Scripts\;C:\Users\lucas\AppData\Local\Programs\Python\Python312\Scripts\;C:\Users\lucas\AppData\Local\Programs\Python\Python312\;C:\Program Files\MySQL\MySQL Shell 8.0\bin\;C:\Users\lucas\AppData\Local\Microsoft\WindowsApps;C:\Users\lucas\AppData\Roaming\npm;C:\Users\lucas\AppData\Local\Programs\Microsoft VS Code\bin;C:\Program Files\heroku\bin;C:\Users\lucas\AppData\Local\Android\Sdk\cmdline-tools\latest\bin;C:\Users\lucas\AppData\Local\Android\Sdk\build-tools\35.0.0;C:\Users\lucas\AppData\Local\Android\Sdk\platform-tools;C:\Users\lucas\AppData\Local\Android\Sdk\emulator;C:\Users\lucas\AppData\Local\GitHubDesktop\bin
USERNAME=lucas
OS=Windows_NT
PROCESSOR_IDENTIFIER=Intel64 Family 6 Model 142 Stepping 10, GenuineIntel
TMP=C:\Users\lucas\AppData\Local\Temp
TEMP=C:\Users\lucas\AppData\Local\Temp



Periodic native trim disabled


---------------  S Y S T E M  ---------------

OS:
 Windows 10 , 64 bit Build 19041 (10.0.19041.5198)
OS uptime: 4 days 1:15 hours

CPU: total 4 (initial active 4) (2 cores per cpu, 2 threads per core) family 6 model 142 stepping 10 microcode 0xb4, cx8, cmov, fxsr, ht, mmx, 3dnowpref, sse, sse2, sse3, ssse3, sse4.1, sse4.2, popcnt, lzcnt, tsc, tscinvbit, avx, avx2, aes, erms, clmul, bmi1, bmi2, adx, fma, vzeroupper, clflush, clflushopt
Processor Information for all 4 processors :
  Max Mhz: 2304, Current Mhz: 2304, Mhz Limit: 2304

Memory: 4k page, system-wide physical 4007M (226M free)
TotalPageFile size 16295M (AvailPageFile size 512M)
current process WorkingSet (physical memory assigned to process): 114M, peak: 114M
current process commit charge ("private bytes"): 217M, peak: 217M

vm_info: OpenJDK 64-Bit Server VM (17.0.13+11) for windows-amd64 JRE (17.0.13+11), built on Oct 16 2024 00:10:08 by "admin" with MS VC++ 17.7 (VS2022)

END.
